16.01.2021 09:35:31 sql=[select * from danhmuc] 
16.01.2021 09:35:31 sql=[select * from sanpham where id in (3)] 
16.01.2021 09:39:59 sql=[select * from danhmuc] 
16.01.2021 09:39:59 sql=[select * from sanpham where id in (3,2)] 
16.01.2021 09:40:37 sql=[select * from danhmuc] 
16.01.2021 09:40:37 sql=[select * from sanpham where id in (3,2)] 
16.01.2021 09:42:52 sql=[select * from danhmuc] 
16.01.2021 09:42:52 sql=[select * from sanpham where id in (3,2)] 
16.01.2021 10:12:04 sql=[select * from danhmuc] 
16.01.2021 10:12:04 sql=[select * from sanpham where id in (3)] 
16.01.2021 10:12:54 sql=[select * from danhmuc] 
16.01.2021 10:12:54 sql=[select * from sanpham where id in ()] 
16.01.2021 10:12:54 Khong the select duoc,ERROR=[You have an error in your SQL syntax; check the manual that corresponds to your MySQL server version for the right syntax to use near ')' at line 1] 
16.01.2021 10:12:54 COUNT=[0] 
16.01.2021 10:13:40 sql=[select * from danhmuc] 
16.01.2021 10:13:40 sql=[select * from sanpham where id in ()] 
16.01.2021 10:13:40 Khong the select duoc,ERROR=[You have an error in your SQL syntax; check the manual that corresponds to your MySQL server version for the right syntax to use near ')' at line 1] 
16.01.2021 10:13:40 COUNT=[0] 
16.01.2021 10:14:02 sql=[select * from danhmuc] 
16.01.2021 10:14:02 sql=[select * from sanpham where id in (3)] 
16.01.2021 10:14:10 sql=[select * from danhmuc] 
16.01.2021 10:14:10 sql=[select * from sanpham where id in ()] 
16.01.2021 10:14:10 Khong the select duoc,ERROR=[You have an error in your SQL syntax; check the manual that corresponds to your MySQL server version for the right syntax to use near ')' at line 1] 
16.01.2021 10:14:10 COUNT=[0] 
16.01.2021 10:17:45 sql=[select * from danhmuc] 
16.01.2021 10:17:45 sql=[select * from sanpham where id in (3)] 
16.01.2021 10:21:38 sql=[select * from danhmuc] 
16.01.2021 10:21:38 sql=[select * from sanpham where id in (3)] 
16.01.2021 10:23:56 sql=[select * from danhmuc] 
16.01.2021 10:23:56 sql=[select * from sanpham where id in ()] 
16.01.2021 10:23:56 Khong the select duoc,ERROR=[You have an error in your SQL syntax; check the manual that corresponds to your MySQL server version for the right syntax to use near ')' at line 1] 
16.01.2021 10:23:56 COUNT=[0] 
16.01.2021 10:24:56 sql=[select * from danhmuc] 
16.01.2021 10:24:56 sql=[select * from sanpham where id in (2)] 
16.01.2021 10:25:00 sql=[select * from danhmuc] 
16.01.2021 10:25:00 sql=[select * from sanpham where id in ()] 
16.01.2021 10:25:00 Khong the select duoc,ERROR=[You have an error in your SQL syntax; check the manual that corresponds to your MySQL server version for the right syntax to use near ')' at line 1] 
16.01.2021 10:25:00 COUNT=[0] 
16.01.2021 10:26:22 sql=[select * from danhmuc] 
16.01.2021 10:26:22 sql=[select * from sanpham where id in (2)] 
16.01.2021 10:26:27 sql=[select * from danhmuc] 
16.01.2021 10:26:27 sql=[select * from sanpham where id in ()] 
16.01.2021 10:26:27 Khong the select duoc,ERROR=[You have an error in your SQL syntax; check the manual that corresponds to your MySQL server version for the right syntax to use near ')' at line 1] 
16.01.2021 10:26:27 COUNT=[0] 
16.01.2021 10:28:21 sql=[select * from danhmuc] 
16.01.2021 10:28:21 sql=[select * from sanpham where id in (2)] 
16.01.2021 10:28:32 sql=[select * from danhmuc] 
16.01.2021 10:28:32 sql=[select * from sanpham where id in ()] 
16.01.2021 10:28:32 Khong the select duoc,ERROR=[You have an error in your SQL syntax; check the manual that corresponds to your MySQL server version for the right syntax to use near ')' at line 1] 
16.01.2021 10:28:32 COUNT=[0] 
16.01.2021 10:30:33 sql=[select * from danhmuc] 
16.01.2021 10:30:33 sql=[select * from sanpham where id in (1)] 
16.01.2021 10:30:38 sql=[select * from danhmuc] 
16.01.2021 10:30:38 sql=[select * from sanpham where id in ()] 
16.01.2021 10:30:38 Khong the select duoc,ERROR=[You have an error in your SQL syntax; check the manual that corresponds to your MySQL server version for the right syntax to use near ')' at line 1] 
16.01.2021 10:30:38 COUNT=[0] 
16.01.2021 10:31:17 sql=[select * from danhmuc] 
16.01.2021 10:31:17 sql=[select * from sanpham where id in (1)] 
16.01.2021 10:31:22 sql=[select * from danhmuc] 
16.01.2021 10:31:22 sql=[select * from sanpham where id in ()] 
16.01.2021 10:31:22 Khong the select duoc,ERROR=[You have an error in your SQL syntax; check the manual that corresponds to your MySQL server version for the right syntax to use near ')' at line 1] 
16.01.2021 10:31:22 COUNT=[0] 
16.01.2021 10:33:20 sql=[select * from danhmuc] 
16.01.2021 10:33:20 sql=[select * from sanpham where id in (1)] 
16.01.2021 10:33:24 sql=[select * from danhmuc] 
16.01.2021 10:34:20 sql=[select * from danhmuc] 
16.01.2021 10:34:20 sql=[select * from sanpham where id in (1)] 
16.01.2021 10:34:24 sql=[select * from danhmuc] 
16.01.2021 10:34:46 sql=[select * from danhmuc] 
16.01.2021 10:34:46 sql=[select * from sanpham where id in (1)] 
16.01.2021 10:34:52 sql=[select * from danhmuc] 
16.01.2021 10:35:20 sql=[select * from danhmuc] 
16.01.2021 10:35:20 sql=[select * from sanpham where id in (1)] 
16.01.2021 10:35:24 sql=[select * from danhmuc] 
16.01.2021 10:51:10 sql=[select * from danhmuc] 
16.01.2021 10:51:10 sql=[select * from sanpham where id in (1)] 
16.01.2021 10:51:58 sql=[select * from danhmuc] 
16.01.2021 10:51:58 sql=[select * from sanpham where id in (1)] 
16.01.2021 11:04:55 sql=[select * from danhmuc] 
16.01.2021 11:04:55 sql=[select * from sanpham where id in (1)] 
16.01.2021 11:05:06 sql=[select * from danhmuc] 
16.01.2021 11:05:06 sql=[select * from sanpham where id in (1,2)] 
16.01.2021 11:59:55 sql=[select * from danhmuc] 
16.01.2021 11:59:55 sql=[select * from sanpham where id in (1,2,3)] 
16.01.2021 12:01:10 sql=[select * from danhmuc] 
16.01.2021 12:01:10 sql=[select * from sanpham where id in (1,2)] 
17.01.2021 08:23:30 sql=[select * from danhmuc] 
17.01.2021 08:23:30 sql=[select * from sanpham where id in (1,2,3)] 
17.01.2021 08:31:14 sql=[select * from danhmuc] 
17.01.2021 08:31:14 sql=[select * from sanpham where id in (2,3)] 
17.01.2021 08:31:57 sql=[select * from danhmuc] 
17.01.2021 08:31:57 sql=[select * from sanpham where id in (3)] 
17.01.2021 08:54:03 sql=[select * from danhmuc] 
17.01.2021 08:55:27 sql=[select * from danhmuc] 
17.01.2021 08:55:27 sql=[select * from sanpham where id in (3)] 
17.01.2021 09:07:48 sql=[select * from danhmuc] 
17.01.2021 09:07:48 sql=[select * from sanpham where id in (3,2)] 
17.01.2021 09:19:30 sql=[select * from danhmuc] 
17.01.2021 09:19:30 sql=[select * from sanpham where id in (3,2,quantity2)] 
17.01.2021 09:19:30 Khong the select duoc,ERROR=[Unknown column 'quantity2' in 'where clause'] 
17.01.2021 09:19:30 COUNT=[0] 
17.01.2021 09:22:43 sql=[select * from sanpham where id in (3)] 
17.01.2021 09:24:05 sql=[select * from sanpham where id in (3)] 
17.01.2021 09:24:19 sql=[select * from sanpham where id in (3)] 
17.01.2021 09:24:20 sql=[select * from sanpham where id in (3)] 
17.01.2021 09:24:20 sql=[select * from sanpham where id in (3)] 
17.01.2021 09:24:21 sql=[select * from sanpham where id in (3)] 
17.01.2021 09:24:22 sql=[select * from sanpham where id in (3)] 
17.01.2021 09:24:23 sql=[select * from sanpham where id in (3)] 
17.01.2021 09:24:23 sql=[select * from sanpham where id in (3)] 
17.01.2021 09:24:23 sql=[select * from sanpham where id in (3)] 
17.01.2021 09:24:24 sql=[select * from sanpham where id in (3)] 
17.01.2021 09:24:25 sql=[select * from sanpham where id in (3)] 
17.01.2021 09:24:25 sql=[select * from sanpham where id in (3)] 
17.01.2021 09:24:25 sql=[select * from sanpham where id in (3)] 
17.01.2021 09:24:26 sql=[select * from sanpham where id in (3)] 
17.01.2021 09:24:26 sql=[select * from sanpham where id in (3)] 
17.01.2021 09:24:26 sql=[select * from sanpham where id in (3)] 
17.01.2021 09:24:26 sql=[select * from sanpham where id in (3)] 
17.01.2021 09:24:27 sql=[select * from sanpham where id in (3)] 
17.01.2021 09:24:28 sql=[select * from sanpham where id in (3)] 
17.01.2021 09:24:28 sql=[select * from sanpham where id in (3)] 
17.01.2021 09:24:28 sql=[select * from sanpham where id in (3)] 
17.01.2021 09:24:29 sql=[select * from sanpham where id in (3)] 
17.01.2021 09:24:29 sql=[select * from sanpham where id in (3)] 
17.01.2021 09:24:30 sql=[select * from sanpham where id in (3)] 
17.01.2021 09:24:41 sql=[select * from sanpham where id in (3,1)] 
17.01.2021 09:24:45 sql=[select * from sanpham where id in (3,1)] 
17.01.2021 09:24:45 sql=[select * from sanpham where id in (3,1)] 
17.01.2021 09:24:46 sql=[select * from sanpham where id in (3,1)] 
17.01.2021 09:24:46 sql=[select * from sanpham where id in (3,1)] 
17.01.2021 09:24:47 sql=[select * from sanpham where id in (3,1)] 
17.01.2021 09:24:48 sql=[select * from sanpham where id in (3,1)] 
17.01.2021 09:24:48 sql=[select * from sanpham where id in (3,1)] 
17.01.2021 09:24:49 sql=[select * from sanpham where id in (3,1)] 
17.01.2021 09:24:49 sql=[select * from sanpham where id in (3,1)] 
17.01.2021 09:24:51 sql=[select * from sanpham where id in (3,1)] 
17.01.2021 09:24:51 sql=[select * from sanpham where id in (3,1)] 
17.01.2021 09:25:25 sql=[select * from sanpham where id in (3,1)] 
17.01.2021 09:25:25 sql=[select * from sanpham where id in (3,1)] 
17.01.2021 09:26:36 sql=[select * from sanpham where id in (3,1)] 
17.01.2021 09:26:38 sql=[select * from sanpham where id in (3,1)] 
17.01.2021 09:26:43 sql=[select * from sanpham where id in (3,1)] 
17.01.2021 09:26:45 sql=[select * from sanpham where id in (3,1)] 
17.01.2021 09:26:46 sql=[select * from sanpham where id in (3,1)] 
17.01.2021 09:26:46 sql=[select * from sanpham where id in (3,1)] 
17.01.2021 09:26:46 sql=[select * from sanpham where id in (3,1)] 
17.01.2021 09:26:47 sql=[select * from sanpham where id in (3,1)] 
17.01.2021 09:26:47 sql=[select * from sanpham where id in (3,1)] 
17.01.2021 09:26:48 sql=[select * from sanpham where id in (3,1)] 
17.01.2021 09:26:48 sql=[select * from sanpham where id in (3,1)] 
17.01.2021 09:26:48 sql=[select * from sanpham where id in (3,1)] 
17.01.2021 09:26:48 sql=[select * from sanpham where id in (3,1)] 
17.01.2021 09:26:48 sql=[select * from sanpham where id in (3,1)] 
17.01.2021 09:26:49 sql=[select * from sanpham where id in (3,1)] 
17.01.2021 09:26:49 sql=[select * from sanpham where id in (3,1)] 
17.01.2021 09:26:50 sql=[select * from sanpham where id in (3,1)] 
17.01.2021 09:27:05 sql=[select * from sanpham where id in (3,1)] 
17.01.2021 09:27:05 sql=[select * from sanpham where id in (3,1)] 
17.01.2021 09:27:05 sql=[select * from sanpham where id in (3,1)] 
17.01.2021 09:27:07 sql=[select * from sanpham where id in (3,1)] 
17.01.2021 09:27:07 sql=[select * from sanpham where id in (3,1)] 
17.01.2021 09:27:08 sql=[select * from sanpham where id in (3,1)] 
17.01.2021 09:27:08 sql=[select * from sanpham where id in (3,1)] 
17.01.2021 09:27:08 sql=[select * from sanpham where id in (3,1)] 
17.01.2021 09:27:09 sql=[select * from sanpham where id in (3,1)] 
17.01.2021 09:27:10 sql=[select * from sanpham where id in (3,1)] 
17.01.2021 09:27:11 sql=[select * from sanpham where id in (3,1)] 
17.01.2021 09:27:11 sql=[select * from sanpham where id in (3,1)] 
17.01.2021 09:27:12 sql=[select * from sanpham where id in (3,1)] 
17.01.2021 09:27:13 sql=[select * from sanpham where id in (3,1)] 
17.01.2021 09:27:13 sql=[select * from sanpham where id in (3,1)] 
17.01.2021 09:27:14 sql=[select * from sanpham where id in (3,1)] 
17.01.2021 09:27:14 sql=[select * from sanpham where id in (3,1)] 
17.01.2021 09:28:21 sql=[select * from sanpham where id in (3,1)] 
17.01.2021 09:28:21 sql=[select * from sanpham where id in (3,1)] 
17.01.2021 09:28:22 sql=[select * from sanpham where id in (3,1)] 
17.01.2021 10:07:18 sql=[select * from sanpham where id in (3)] 
17.01.2021 10:07:30 sql=[select * from sanpham where id in (3)] 
17.01.2021 10:09:19 sql=[select * from sanpham where id in (3,2)] 
17.01.2021 10:14:45 sql=[select * from sanpham where id in (3,2)] 
17.01.2021 10:14:45 sql=[select * from sanpham where id in (3,2)] 
17.01.2021 10:14:45 sql=[select * from sanpham where id in (3,2)] 
17.01.2021 10:14:47 sql=[select * from sanpham where id in (3,2)] 
17.01.2021 10:14:47 sql=[select * from sanpham where id in (3,2)] 
17.01.2021 10:14:47 sql=[select * from sanpham where id in (3,2)] 
17.01.2021 10:14:49 sql=[select * from sanpham where id in (3,2)] 
17.01.2021 10:14:49 sql=[select * from sanpham where id in (3,2)] 
17.01.2021 10:14:49 sql=[select * from sanpham where id in (3,2)] 
17.01.2021 10:14:50 sql=[select * from sanpham where id in (3,2)] 
17.01.2021 10:14:50 sql=[select * from sanpham where id in (3,2)] 
17.01.2021 10:14:50 sql=[select * from sanpham where id in (3,2)] 
17.01.2021 10:25:02 sql=[select * from sanpham where id in (3)] 
17.01.2021 10:27:09 sql=[select * from sanpham where id in (3)] 
17.01.2021 10:28:07 sql=[select * from sanpham where id in (3)] 
17.01.2021 10:28:32 sql=[select * from sanpham where id in (3)] 
17.01.2021 10:28:42 sql=[select * from sanpham where id in (3)] 
17.01.2021 10:28:50 sql=[select * from sanpham where id in (3)] 
17.01.2021 10:29:06 sql=[select * from sanpham where id in (3)] 
17.01.2021 10:31:26 sql=[select * from sanpham where id in (3)] 
17.01.2021 10:31:26 sql=[select * from sanpham where id in (3)] 
17.01.2021 10:31:26 sql=[select * from sanpham where id in (3)] 
17.01.2021 10:35:53 sql=[select * from sanpham where id in (3)] 
17.01.2021 10:35:56 sql=[select * from sanpham where id in (3)] 
17.01.2021 10:39:59 sql=[select * from sanpham where id in (3)] 
17.01.2021 10:42:05 sql=[select * from sanpham where id in (3)] 
17.01.2021 10:42:25 sql=[select * from sanpham where id in (3)] 
17.01.2021 10:42:55 sql=[select * from sanpham where id in (3)] 
17.01.2021 10:43:04 sql=[select * from sanpham where id in (3)] 
17.01.2021 10:43:05 sql=[select * from sanpham where id in (3)] 
17.01.2021 10:43:44 sql=[select * from sanpham where id in (3)] 
17.01.2021 10:43:44 sql=[select * from sanpham where id in (3)] 
17.01.2021 10:47:50 sql=[select * from sanpham where id in (3)] 
17.01.2021 10:49:33 sql=[select * from sanpham where id in (3)] 
17.01.2021 10:49:35 sql=[select * from sanpham where id in (3)] 
17.01.2021 10:49:35 sql=[select * from sanpham where id in (3)] 
17.01.2021 10:49:36 sql=[select * from sanpham where id in (3)] 
17.01.2021 10:49:36 sql=[select * from sanpham where id in (3)] 
17.01.2021 10:49:37 sql=[select * from sanpham where id in (3)] 
17.01.2021 10:49:37 sql=[select * from sanpham where id in (3)] 
17.01.2021 10:49:37 sql=[select * from sanpham where id in (3)] 
17.01.2021 10:49:37 sql=[select * from sanpham where id in (3)] 
17.01.2021 10:49:37 sql=[select * from sanpham where id in (3)] 
17.01.2021 10:49:38 sql=[select * from sanpham where id in (3)] 
17.01.2021 10:49:38 sql=[select * from sanpham where id in (3)] 
17.01.2021 10:49:38 sql=[select * from sanpham where id in (3)] 
17.01.2021 10:49:38 sql=[select * from sanpham where id in (3)] 
17.01.2021 10:49:38 sql=[select * from sanpham where id in (3)] 
17.01.2021 10:49:39 sql=[select * from sanpham where id in (3)] 
17.01.2021 10:49:40 sql=[select * from sanpham where id in (3)] 
17.01.2021 10:49:40 sql=[select * from sanpham where id in (3)] 
17.01.2021 10:50:10 sql=[select * from sanpham where id in (1)] 
17.01.2021 10:50:27 sql=[select * from sanpham where id in (1)] 
17.01.2021 10:50:27 sql=[select * from sanpham where id in (1)] 
17.01.2021 10:50:27 sql=[select * from sanpham where id in (1)] 
17.01.2021 10:50:27 sql=[select * from sanpham where id in (1)] 
17.01.2021 10:50:28 sql=[select * from sanpham where id in (1)] 
17.01.2021 10:50:28 sql=[select * from sanpham where id in (1)] 
17.01.2021 10:50:28 sql=[select * from sanpham where id in (1)] 
17.01.2021 10:50:28 sql=[select * from sanpham where id in (1)] 
17.01.2021 10:50:29 sql=[select * from sanpham where id in (1)] 
17.01.2021 10:50:29 sql=[select * from sanpham where id in (1)] 
17.01.2021 10:50:30 sql=[select * from sanpham where id in (1)] 
17.01.2021 10:50:30 sql=[select * from sanpham where id in (1)] 
17.01.2021 10:50:30 sql=[select * from sanpham where id in (1)] 
17.01.2021 10:50:30 sql=[select * from sanpham where id in (1)] 
17.01.2021 10:50:31 sql=[select * from sanpham where id in (1)] 
17.01.2021 10:50:31 sql=[select * from sanpham where id in (1)] 
17.01.2021 10:50:31 sql=[select * from sanpham where id in (1)] 
17.01.2021 10:50:31 sql=[select * from sanpham where id in (1)] 
17.01.2021 10:50:31 sql=[select * from sanpham where id in (1)] 
17.01.2021 10:50:32 sql=[select * from sanpham where id in (1)] 
17.01.2021 10:50:32 sql=[select * from sanpham where id in (1)] 
17.01.2021 11:32:57 sql=[select * from sanpham where id in (1)] 
17.01.2021 11:32:57 sql=[select * from sanpham where id in (1)] 
17.01.2021 11:33:00 sql=[select * from sanpham where id in (1)] 
17.01.2021 11:33:00 sql=[select * from sanpham where id in (1)] 
17.01.2021 11:33:00 sql=[select * from sanpham where id in (1)] 
17.01.2021 12:36:47 sql=[select * from sanpham where id in (4)] 
17.01.2021 12:39:26 sql=[select * from sanpham where id in (4)] 
17.01.2021 12:42:19 sql=[select * from sanpham where id in (4)] 
17.01.2021 12:42:19 sql=[select * from sanpham where id in (4)] 
17.01.2021 12:42:19 sql=[select * from sanpham where id in (4)] 
17.01.2021 12:42:20 sql=[select * from sanpham where id in (4)] 
17.01.2021 12:42:20 sql=[select * from sanpham where id in (4)] 
17.01.2021 12:42:20 sql=[select * from sanpham where id in (4)] 
17.01.2021 12:42:20 sql=[select * from sanpham where id in (4)] 
17.01.2021 12:42:20 sql=[select * from sanpham where id in (4)] 
17.01.2021 12:42:21 sql=[select * from sanpham where id in (4)] 
17.01.2021 12:42:21 sql=[select * from sanpham where id in (4)] 
17.01.2021 12:42:21 sql=[select * from sanpham where id in (4)] 
17.01.2021 12:42:22 sql=[select * from sanpham where id in (4)] 
17.01.2021 12:42:22 sql=[select * from sanpham where id in (4)] 
17.01.2021 12:42:22 sql=[select * from sanpham where id in (4)] 
17.01.2021 12:42:22 sql=[select * from sanpham where id in (4)] 
17.01.2021 12:42:22 sql=[select * from sanpham where id in (4)] 
17.01.2021 12:42:23 sql=[select * from sanpham where id in (4)] 
17.01.2021 12:42:23 sql=[select * from sanpham where id in (4)] 
17.01.2021 12:42:23 sql=[select * from sanpham where id in (4)] 
17.01.2021 12:42:23 sql=[select * from sanpham where id in (4)] 
17.01.2021 12:42:24 sql=[select * from sanpham where id in (4)] 
17.01.2021 12:42:24 sql=[select * from sanpham where id in (4)] 
17.01.2021 12:42:24 sql=[select * from sanpham where id in (4)] 
17.01.2021 12:42:25 sql=[select * from sanpham where id in (4)] 
17.01.2021 12:42:25 sql=[select * from sanpham where id in (4)] 
17.01.2021 12:42:27 sql=[select * from sanpham where id in (4)] 
17.01.2021 12:42:27 sql=[select * from sanpham where id in (4)] 
17.01.2021 12:42:27 sql=[select * from sanpham where id in (4)] 
17.01.2021 12:42:27 sql=[select * from sanpham where id in (4)] 
17.01.2021 12:42:28 sql=[select * from sanpham where id in (4)] 
17.01.2021 12:42:28 sql=[select * from sanpham where id in (4)] 
17.01.2021 12:42:28 sql=[select * from sanpham where id in (4)] 
17.01.2021 12:42:28 sql=[select * from sanpham where id in (4)] 
17.01.2021 12:42:28 sql=[select * from sanpham where id in (4)] 
17.01.2021 12:42:28 sql=[select * from sanpham where id in (4)] 
17.01.2021 12:42:30 sql=[select * from sanpham where id in (4)] 
17.01.2021 12:42:31 sql=[select * from sanpham where id in (4)] 
17.01.2021 12:42:31 sql=[select * from sanpham where id in (4)] 
17.01.2021 12:42:31 sql=[select * from sanpham where id in (4)] 
17.01.2021 12:42:31 sql=[select * from sanpham where id in (4)] 
17.01.2021 12:42:31 sql=[select * from sanpham where id in (4)] 
17.01.2021 12:42:31 sql=[select * from sanpham where id in (4)] 
17.01.2021 12:42:32 sql=[select * from sanpham where id in (4)] 
17.01.2021 12:42:32 sql=[select * from sanpham where id in (4)] 
17.01.2021 12:42:32 sql=[select * from sanpham where id in (4)] 
17.01.2021 12:42:32 sql=[select * from sanpham where id in (4)] 
17.01.2021 12:42:32 sql=[select * from sanpham where id in (4)] 
17.01.2021 12:42:33 sql=[select * from sanpham where id in (4)] 
17.01.2021 12:42:33 sql=[select * from sanpham where id in (4)] 
17.01.2021 12:42:33 sql=[select * from sanpham where id in (4)] 
17.01.2021 12:42:33 sql=[select * from sanpham where id in (4)] 
17.01.2021 12:42:35 sql=[select * from sanpham where id in (4)] 
17.01.2021 12:44:42 sql=[select * from sanpham where id in (4,2)] 
17.01.2021 02:16:47 sql=[select * from sanpham where id in (4,2)] 
17.01.2021 02:16:47 sql=[select * from sanpham where id in (4,2)] 
17.01.2021 02:16:47 sql=[select * from sanpham where id in (4,2)] 
17.01.2021 02:16:48 sql=[select * from sanpham where id in (4,2)] 
17.01.2021 02:16:48 sql=[select * from sanpham where id in (4,2)] 
17.01.2021 02:16:48 sql=[select * from sanpham where id in (4,2)] 
17.01.2021 02:16:48 sql=[select * from sanpham where id in (4,2)] 
17.01.2021 02:16:48 sql=[select * from sanpham where id in (4,2)] 
17.01.2021 02:17:52 sql=[select * from sanpham where id in (4,2)] 
17.01.2021 02:17:52 sql=[select * from sanpham where id in (4,2)] 
17.01.2021 02:17:52 sql=[select * from sanpham where id in (4,2)] 
17.01.2021 02:17:52 sql=[select * from sanpham where id in (4,2)] 
17.01.2021 02:17:53 sql=[select * from sanpham where id in (4,2)] 
17.01.2021 02:17:53 sql=[select * from sanpham where id in (4,2)] 
17.01.2021 02:17:53 sql=[select * from sanpham where id in (4,2)] 
17.01.2021 02:17:54 sql=[select * from sanpham where id in (4,2)] 
17.01.2021 02:17:54 sql=[select * from sanpham where id in (4,2)] 
17.01.2021 02:17:54 sql=[select * from sanpham where id in (4,2)] 
17.01.2021 02:17:54 sql=[select * from sanpham where id in (4,2)] 
17.01.2021 02:17:54 sql=[select * from sanpham where id in (4,2)] 
17.01.2021 02:17:54 sql=[select * from sanpham where id in (4,2)] 
17.01.2021 02:17:56 sql=[select * from sanpham where id in (4,2)] 
17.01.2021 02:17:56 sql=[select * from sanpham where id in (4,2)] 
17.01.2021 02:17:56 sql=[select * from sanpham where id in (4,2)] 
17.01.2021 02:17:56 sql=[select * from sanpham where id in (4,2)] 
17.01.2021 02:17:56 sql=[select * from sanpham where id in (4,2)] 
17.01.2021 02:17:56 sql=[select * from sanpham where id in (4,2)] 
17.01.2021 02:18:11 sql=[select * from sanpham where id in (4,2)] 
18.01.2021 07:26:45 sql=[select * from sanpham where id in (4)] 
18.01.2021 07:28:23 sql=[select * from sanpham where id in (4)] 
18.01.2021 09:17:16 sql=[select * from sanpham where id in (4)] 
18.01.2021 09:17:22 sql=[select * from sanpham where id in (4)] 
18.01.2021 09:17:43 sql=[select * from sanpham where id in (4)] 
18.01.2021 09:17:43 sql=[select * from sanpham where id in (4)] 
18.01.2021 09:17:44 sql=[select * from sanpham where id in (4)] 
18.01.2021 09:17:44 sql=[select * from sanpham where id in (4)] 
18.01.2021 09:17:44 sql=[select * from sanpham where id in (4)] 
18.01.2021 09:17:44 sql=[select * from sanpham where id in (4)] 
18.01.2021 09:17:44 sql=[select * from sanpham where id in (4)] 
18.01.2021 09:17:45 sql=[select * from sanpham where id in (4)] 
18.01.2021 09:17:45 sql=[select * from sanpham where id in (4)] 
18.01.2021 09:17:45 sql=[select * from sanpham where id in (4)] 
18.01.2021 09:17:46 sql=[select * from sanpham where id in (4)] 
18.01.2021 09:17:46 sql=[select * from sanpham where id in (4)] 
18.01.2021 09:17:47 sql=[select * from sanpham where id in (4)] 
18.01.2021 09:17:47 sql=[select * from sanpham where id in (4)] 
18.01.2021 09:17:50 sql=[select * from sanpham where id in (4)] 
18.01.2021 09:17:50 sql=[select * from sanpham where id in (4)] 
18.01.2021 09:17:50 sql=[select * from sanpham where id in (4)] 
18.01.2021 09:17:50 sql=[select * from sanpham where id in (4)] 
18.01.2021 09:17:51 sql=[select * from sanpham where id in (4)] 
18.01.2021 09:17:51 sql=[select * from sanpham where id in (4)] 
18.01.2021 09:17:51 sql=[select * from sanpham where id in (4)] 
18.01.2021 09:17:51 sql=[select * from sanpham where id in (4)] 
18.01.2021 09:17:51 sql=[select * from sanpham where id in (4)] 
18.01.2021 09:17:52 sql=[select * from sanpham where id in (4)] 
18.01.2021 09:17:52 sql=[select * from sanpham where id in (4)] 
18.01.2021 09:17:52 sql=[select * from sanpham where id in (4)] 
18.01.2021 09:17:53 sql=[select * from sanpham where id in (4)] 
18.01.2021 09:17:53 sql=[select * from sanpham where id in (4)] 
18.01.2021 09:17:54 sql=[select * from sanpham where id in (4)] 
18.01.2021 09:17:54 sql=[select * from sanpham where id in (4)] 
18.01.2021 09:17:55 sql=[select * from sanpham where id in (4)] 
18.01.2021 09:17:55 sql=[select * from sanpham where id in (4)] 
18.01.2021 09:17:56 sql=[select * from sanpham where id in (4)] 
18.01.2021 09:17:56 sql=[select * from sanpham where id in (4)] 
18.01.2021 09:17:56 sql=[select * from sanpham where id in (4)] 
18.01.2021 09:17:57 sql=[select * from sanpham where id in (4)] 
18.01.2021 09:17:57 sql=[select * from sanpham where id in (4)] 
18.01.2021 03:36:45 sql=[select * from sanpham where id in (4)] 
18.01.2021 03:41:15 sql=[select * from sanpham where id in (4)] 
18.01.2021 03:42:13 sql=[select * from sanpham where id in (4)] 
18.01.2021 03:46:46 sql=[select * from sanpham where id in (4)] 
18.01.2021 03:46:47 sql=[select * from sanpham where id in (4)] 
18.01.2021 03:46:47 sql=[select * from sanpham where id in (4)] 
18.01.2021 03:46:47 sql=[select * from sanpham where id in (4)] 
18.01.2021 03:46:48 sql=[select * from sanpham where id in (4)] 
18.01.2021 03:46:48 sql=[select * from sanpham where id in (4)] 
18.01.2021 03:46:48 sql=[select * from sanpham where id in (4)] 
18.01.2021 03:46:48 sql=[select * from sanpham where id in (4)] 
18.01.2021 03:46:48 sql=[select * from sanpham where id in (4)] 
18.01.2021 03:46:49 sql=[select * from sanpham where id in (4)] 
18.01.2021 03:46:49 sql=[select * from sanpham where id in (4)] 
18.01.2021 03:46:49 sql=[select * from sanpham where id in (4)] 
18.01.2021 03:46:50 sql=[select * from sanpham where id in (4)] 
18.01.2021 03:47:02 sql=[select * from sanpham where id in (4,1)] 
18.01.2021 03:47:12 sql=[select * from sanpham where id in (4)] 
18.01.2021 03:50:00 sql=[select * from sanpham where id in (1)] 
18.01.2021 03:50:05 sql=[select * from sanpham where id in (1)] 
18.01.2021 03:50:05 sql=[select * from sanpham where id in (1)] 
18.01.2021 03:50:06 sql=[select * from sanpham where id in (1)] 
18.01.2021 03:50:06 sql=[select * from sanpham where id in (1)] 
18.01.2021 03:50:06 sql=[select * from sanpham where id in (1)] 
18.01.2021 03:50:07 sql=[select * from sanpham where id in (1)] 
18.01.2021 03:50:07 sql=[select * from sanpham where id in (1)] 
18.01.2021 03:50:08 sql=[select * from sanpham where id in (1)] 
18.01.2021 03:50:08 sql=[select * from sanpham where id in (1)] 
18.01.2021 03:50:08 sql=[select * from sanpham where id in (1)] 
18.01.2021 05:53:08 sql=[select * from sanpham where id in (12)] 
19.01.2021 01:01:49 sql=[select * from sanpham where id in (6)] 
19.01.2021 01:01:57 sql=[select * from sanpham where id in (6)] 
19.01.2021 01:01:57 sql=[select * from sanpham where id in (6)] 
19.01.2021 01:01:57 sql=[select * from sanpham where id in (6)] 
19.01.2021 01:01:58 sql=[select * from sanpham where id in (6)] 
19.01.2021 01:01:58 sql=[select * from sanpham where id in (6)] 
19.01.2021 01:01:58 sql=[select * from sanpham where id in (6)] 
19.01.2021 01:01:58 sql=[select * from sanpham where id in (6)] 
19.01.2021 01:01:58 sql=[select * from sanpham where id in (6)] 
19.01.2021 01:01:58 sql=[select * from sanpham where id in (6)] 
19.01.2021 01:01:58 sql=[select * from sanpham where id in (6)] 
19.01.2021 01:01:59 sql=[select * from sanpham where id in (6)] 
19.01.2021 01:33:24 sql=[select * from sanpham where id in (11)] 
19.01.2021 02:00:37 sql=[select * from sanpham where id in (11)] 
19.01.2021 02:01:09 sql=[select * from sanpham where id in (11)] 
21.01.2021 02:38:39 sql=[select * from sanpham where id in (11)] 
21.01.2021 02:42:26 sql=[select * from sanpham where id in (11,9)] 
21.03.2021 05:20:50 sql=[select * from sanpham where id in (11)] 
21.03.2021 05:36:16 sql=[select * from sanpham where id in (12)] 
22.03.2021 07:24:32 sql=[select * from sanpham where id in (4)] 
22.03.2021 07:25:06 sql=[select * from sanpham where id in (4,8)] 
22.03.2021 07:25:40 sql=[select * from sanpham where id in (4,8)] 
22.03.2021 07:26:00 sql=[select * from sanpham where id in (8)] 
22.03.2021 07:26:03 sql=[select * from sanpham where id in (4)] 
22.03.2021 07:26:10 sql=[select * from sanpham where id in (4)] 
22.03.2021 07:31:11 sql=[select * from sanpham where id in (4)] 
22.03.2021 07:32:55 sql=[select * from sanpham where id in (4)] 
22.03.2021 07:33:02 sql=[select * from sanpham where id in (4)] 
