14.01.2021 04:41:38 sql=[select * from danhmuc ] 
14.01.2021 04:46:55 sql=[select * from danhmuc ] 
14.01.2021 04:47:17 sql=[select * from danhmuc ] 
14.01.2021 04:56:34 sql=[select * from danhmuc ] 
14.01.2021 05:07:22 sql=[select * from danhmuc ] 
14.01.2021 05:07:24 sql=[select * from danhmuc ] 
14.01.2021 05:07:52 sql=[select * from danhmuc ] 
14.01.2021 05:10:47 sql=[select * from danhmuc ] 
14.01.2021 05:11:07 sql=[select * from danhmuc ] 
14.01.2021 05:11:56 sql=[select * from danhmuc ] 
14.01.2021 05:12:10 sql=[select * from danhmuc ] 
14.01.2021 05:12:26 sql=[select * from danhmuc ] 
14.01.2021 05:12:33 sql=[select * from danhmuc ] 
14.01.2021 05:15:22 sql=[select * from danhmuc ] 
14.01.2021 05:15:47 sql=[select * from danhmuc ] 
14.01.2021 05:16:10 sql=[select * from danhmuc ] 
14.01.2021 05:18:28 sql=[select * from danhmuc ] 
14.01.2021 05:19:05 sql=[select * from danhmuc ] 
14.01.2021 05:19:24 sql=[select * from danhmuc ] 
14.01.2021 05:19:32 sql=[select * from danhmuc ] 
14.01.2021 06:02:15 sql=[select * from danhmuc ] 
14.01.2021 06:02:47 sql=[select * from danhmuc ] 
14.01.2021 06:03:05 sql=[select * from danhmuc ] 
14.01.2021 06:03:28 sql=[select * from danhmuc ] 
14.01.2021 06:14:30 sql=[select * from danhmuc ] 
14.01.2021 06:16:02 sql=[select * from danhmuc ] 
14.01.2021 06:16:14 sql=[select * from danhmuc ] 
14.01.2021 06:24:29 sql=[select * from danhmuc ] 
14.01.2021 06:24:31 sql=[select * from danhmuc ] 
14.01.2021 06:24:47 sql=[select * from danhmuc ] 
14.01.2021 06:34:00 sql=[select * from danhmuc ] 
14.01.2021 06:34:00 <!-- sql=[insert into `danhmuc` values('','','0','0','../../uploads/photo1606897653698-16068976538391710505217-20210114-063400.jpg')] --> 
14.01.2021 06:34:00 sql=[select * from danhmuc ] 
14.01.2021 06:34:16 sql=[select * from danhmuc ] 
14.01.2021 06:34:38 sql=[select * from danhmuc ] 
14.01.2021 06:34:38 <!-- sql=[insert into `danhmuc` values('','','0','0','../../uploads/slider-07-20210114-063438.webp')] --> 
14.01.2021 06:34:38 sql=[select * from danhmuc ] 
14.01.2021 06:35:54 sql=[select * from danhmuc ] 
14.01.2021 06:36:11 sql=[select * from danhmuc ] 
14.01.2021 06:36:29 sql=[select * from danhmuc ] 
14.01.2021 06:36:46 sql=[select * from danhmuc ] 
14.01.2021 06:36:46 <!-- sql=[insert into `danhmuc` values('','quần jean','1','0','')] --> 
14.01.2021 06:36:46 sql=[select * from danhmuc ] 
14.01.2021 06:36:50 sql=[select * from danhmuc ] 
14.01.2021 06:37:05 sql=[select * from danhmuc ] 
14.01.2021 06:37:05 <!-- sql=[insert into `danhmuc` values('','quần bò','0','0','../../uploads/slider-07-20210114-063705.webp')] --> 
14.01.2021 06:37:05 sql=[select * from danhmuc ] 
14.01.2021 06:43:09 sql=[select * from danhmuc where 1 = 1 ] 
14.01.2021 06:43:21 sql=[select * from danhmuc where 1 = 1  and ten like '%quần%] 
14.01.2021 06:43:21 Khong the select duoc,ERROR=[You have an error in your SQL syntax; check the manual that corresponds to your MySQL server version for the right syntax to use near ''%quần%' at line 1] 
14.01.2021 06:43:21 COUNT=[0] 
14.01.2021 06:43:44 sql=[select * from danhmuc where 1 = 1  and ten like '%quần%] 
14.01.2021 06:43:44 Khong the select duoc,ERROR=[You have an error in your SQL syntax; check the manual that corresponds to your MySQL server version for the right syntax to use near ''%quần%' at line 1] 
14.01.2021 06:43:44 COUNT=[0] 
14.01.2021 06:44:45 sql=[select * from danhmuc where 1 = 1  and ten like '%quần%'] 
14.01.2021 06:45:28 sql=[select * from danhmuc where 1 = 1  and ten like '%quần%'] 
14.01.2021 06:45:33 sql=[select * from danhmuc where 1 = 1  and ten like '%nam%'] 
14.01.2021 06:46:02 sql=[select * from danhmuc where 1 = 1  and ten like '%%'] 
14.01.2021 06:47:02 sql=[select * from danhmuc where 1 = 1  and ten like '%%'] 
14.01.2021 06:47:24 sql=[select * from danhmuc where 1 = 1 ] 
14.01.2021 06:47:53 sql=[select * from danhmuc where 1 = 1 ] 
14.01.2021 06:56:44 sql=[select * from danhmuc where 1 = 1 ] 
14.01.2021 06:57:39 sql=[select * from danhmuc where 1 = 1 ] 
14.01.2021 06:57:43 <!-- sql=[DELETE FROM `danhmuc` WHERE id in (2,3)] --> 
14.01.2021 06:57:43 sql=[select * from danhmuc where 1 = 1 ] 
14.01.2021 06:57:43 sql=[select * from danhmuc where 1 = 1 ] 
14.01.2021 07:01:26 sql=[select * from danhmuc where `parent` = 0] 
14.01.2021 07:01:48 sql=[select * from danhmuc where `parent` = 0] 
14.01.2021 07:01:48 <!-- sql=[insert into `danhmuc` values('','quần jean nam','1','0','../../uploads/slider-07-20210114-070148.webp')] --> 
14.01.2021 07:01:48 <!-- sql=[update `danhmuc`set count = count + 1 where id = 1] --> 
14.01.2021 07:01:48 sql=[select * from danhmuc where 1 = 1 ] 
14.01.2021 07:03:54 sql=[select * from danhmuc where 1 = 1 ] 
14.01.2021 07:04:09 sql=[select * from danhmuc where `parent` = 0] 
14.01.2021 07:04:27 sql=[select * from danhmuc where 1 = 1  and ten like '%bò%'] 
14.01.2021 07:08:24 sql=[select * from danhmuc where 1 = 1  and ten like '%bò%'] 
14.01.2021 07:08:28 sql=[select * from danhmuc where 1 = 1  and ten like '%%'] 
14.01.2021 07:08:35 <!-- sql=[DELETE FROM `danhmuc` WHERE id_data=5] --> 
14.01.2021 07:08:35 sql=[select * from danhmuc where 1 = 1 ] 
14.01.2021 07:09:07 sql=[select * from danhmuc where 1 = 1 ] 
14.01.2021 07:09:10 <!-- sql=[DELETE FROM `danhmuc` WHERE id=5] --> 
14.01.2021 07:09:10 sql=[select * from danhmuc where 1 = 1 ] 
14.01.2021 07:17:58 sql=[select * from danhmuc where 1 = 1 ] 
14.01.2021 07:18:00 sql=[select * from danhmuc where `parent` = 0] 
14.01.2021 07:18:00 sql=[select * from danhmuc where `id` =1] 
14.01.2021 07:19:19 sql=[select * from danhmuc where `parent` = 0] 
14.01.2021 07:19:19 sql=[select * from danhmuc where `id` =1] 
14.01.2021 07:19:25 sql=[select * from danhmuc where 1 = 1 ] 
14.01.2021 07:19:29 sql=[select * from danhmuc where `parent` = 0] 
14.01.2021 07:19:29 sql=[select * from danhmuc where `id` =6] 
14.01.2021 07:22:03 sql=[select * from danhmuc where `parent` = 0] 
14.01.2021 07:22:03 sql=[select * from danhmuc where `id` =6] 
14.01.2021 07:22:08 sql=[select * from danhmuc where `parent` = 0] 
14.01.2021 07:22:08 sql=[select * from danhmuc where `id` =6] 
14.01.2021 07:22:14 sql=[select * from danhmuc where 1 = 1 ] 
14.01.2021 07:22:39 sql=[select * from danhmuc where 1 = 1 ] 
14.01.2021 07:22:42 sql=[select * from danhmuc where `parent` = 0] 
14.01.2021 07:22:42 sql=[select * from danhmuc where `id` =6] 
14.01.2021 07:22:45 sql=[select * from danhmuc where `parent` = 0] 
14.01.2021 07:22:45 sql=[select * from danhmuc where `id` =6] 
14.01.2021 07:22:45 <!-- sql=[update `danhmuc` set ten =quần jean nam,
									 `parent` = 0,
									  image = ../../uploads/slider-07-20210114-070148.webp 
								 where id = 6] --> 
14.01.2021 07:22:45 <!-- sql=[update `danhmuc`set count = count + 1 where id = 0] --> 
14.01.2021 07:22:45 sql=[select * from danhmuc where 1 = 1 ] 
14.01.2021 07:23:24 sql=[select * from danhmuc where 1 = 1 ] 
14.01.2021 07:23:26 sql=[select * from danhmuc where `parent` = 0] 
14.01.2021 07:23:26 sql=[select * from danhmuc where `id` =6] 
14.01.2021 07:23:30 sql=[select * from danhmuc where `parent` = 0] 
14.01.2021 07:23:30 sql=[select * from danhmuc where `id` =6] 
14.01.2021 07:24:18 sql=[select * from danhmuc where 1 = 1 ] 
14.01.2021 07:24:21 sql=[select * from danhmuc where `parent` = 0] 
14.01.2021 07:24:21 sql=[select * from danhmuc where `id` =6] 
14.01.2021 07:24:26 sql=[select * from danhmuc where `parent` = 0] 
14.01.2021 07:24:26 sql=[select * from danhmuc where `id` =6] 
14.01.2021 07:24:48 sql=[select * from danhmuc where `parent` = 0] 
14.01.2021 07:24:48 sql=[select * from danhmuc where `id` =6] 
14.01.2021 07:24:48 <!-- sql=[update `danhmuc` set ten ='quần jean nam1',
									 `parent` = '1',
									  image = '../../uploads/slider-07-20210114-070148.webp' 
								 where id = 6] --> 
14.01.2021 07:24:48 <!-- sql=[update `danhmuc` set count = count + 1 where id = 1] --> 
14.01.2021 07:24:48 sql=[select * from danhmuc where 1 = 1 ] 
14.01.2021 07:24:52 sql=[select * from danhmuc where `parent` = 0] 
14.01.2021 07:24:52 sql=[select * from danhmuc where `id` =6] 
14.01.2021 07:24:55 sql=[select * from danhmuc where `parent` = 0] 
14.01.2021 07:24:55 sql=[select * from danhmuc where `id` =6] 
14.01.2021 07:24:55 <!-- sql=[update `danhmuc` set ten ='quần jean nam1',
									 `parent` = '0',
									  image = '../../uploads/slider-07-20210114-070148.webp' 
								 where id = 6] --> 
14.01.2021 07:24:55 <!-- sql=[update `danhmuc` set count = count + 1 where id = 0] --> 
14.01.2021 07:24:55 sql=[select * from danhmuc where 1 = 1 ] 
14.01.2021 07:25:01 sql=[select * from danhmuc where `parent` = 0] 
14.01.2021 07:25:01 sql=[select * from danhmuc where `id` =4] 
14.01.2021 07:25:08 sql=[select * from danhmuc where `parent` = 0] 
14.01.2021 07:25:08 sql=[select * from danhmuc where `id` =4] 
14.01.2021 07:25:08 <!-- sql=[update `danhmuc` set ten ='quần jean',
									 `parent` = '1',
									  image = '../../uploads/slider-07-20210114-072508.webp' 
								 where id = 4] --> 
14.01.2021 07:25:08 <!-- sql=[update `danhmuc` set count = count + 1 where id = 1] --> 
14.01.2021 07:25:08 sql=[select * from danhmuc where 1 = 1 ] 
14.01.2021 07:25:12 sql=[select * from danhmuc where `parent` = 0] 
14.01.2021 07:25:12 sql=[select * from danhmuc where `id` =4] 
14.01.2021 07:25:36 sql=[select * from danhmuc where `parent` = 0] 
14.01.2021 07:25:36 sql=[select * from danhmuc where `id` =4] 
14.01.2021 07:25:36 <!-- sql=[update `danhmuc` set ten ='quần jean',
									 `parent` = '1',
									  image = '../../uploads/slider-07-20210114-072536.webp' 
								 where id = 4] --> 
14.01.2021 07:25:36 <!-- sql=[update `danhmuc` set count = count + 1 where id = 1] --> 
14.01.2021 07:25:36 sql=[select * from danhmuc where 1 = 1 ] 
14.01.2021 07:25:39 sql=[select * from danhmuc where `parent` = 0] 
14.01.2021 07:25:39 sql=[select * from danhmuc where `id` =4] 
14.01.2021 07:25:42 sql=[select * from danhmuc where `parent` = 0] 
14.01.2021 07:25:42 sql=[select * from danhmuc where `id` =4] 
14.01.2021 07:25:42 <!-- sql=[update `danhmuc` set ten ='quần jean',
									 `parent` = '0',
									  image = '../../uploads/slider-07-20210114-072536.webp' 
								 where id = 4] --> 
14.01.2021 07:25:42 <!-- sql=[update `danhmuc` set count = count + 1 where id = 0] --> 
14.01.2021 07:25:42 sql=[select * from danhmuc where 1 = 1 ] 
14.01.2021 07:25:48 sql=[select * from danhmuc where `parent` = 0] 
14.01.2021 07:25:48 sql=[select * from danhmuc where `id` =4] 
14.01.2021 07:35:12 sql=[select * from danhmuc where 1 = 1 ] 
14.01.2021 07:58:15 sql=[select * from danhmuc where 1 = 1 ] 
14.01.2021 07:58:17 sql=[select * from danhmuc where `parent` = 0] 
14.01.2021 07:58:17 sql=[select * from danhmuc where `id` =4] 
14.01.2021 07:58:23 sql=[select * from danhmuc where `parent` = 0] 
14.01.2021 07:58:23 sql=[select * from danhmuc where `id` =4] 
14.01.2021 07:58:23 <!-- sql=[update `danhmuc` set ten ='quần jean',
									 `parent` = '1',
									  image = '../../uploads/slider-07-20210114-072536.webp' 
								 where id = 4] --> 
14.01.2021 07:58:23 <!-- sql=[update `danhmuc` set count = count + 1 where id = 1] --> 
14.01.2021 07:58:23 sql=[select * from danhmuc where 1 = 1 ] 
15.01.2021 06:17:50 sql=[select * from danhmuc where 1 = 1 ] 
15.01.2021 06:17:58 <!-- sql=[DELETE FROM `danhmuc` WHERE id=6] --> 
15.01.2021 06:17:58 sql=[select * from danhmuc where 1 = 1 ] 
15.01.2021 06:18:02 <!-- sql=[DELETE FROM `danhmuc` WHERE id=4] --> 
15.01.2021 06:18:02 sql=[select * from danhmuc where 1 = 1 ] 
15.01.2021 09:40:23 sql=[select * from danhmuc where 1 = 1  and ten like '%%'] 
15.01.2021 09:40:25 sql=[select * from danhmuc where `parent` = 0] 
15.01.2021 09:40:40 sql=[select * from danhmuc where `parent` = 0] 
15.01.2021 09:40:40 <!-- sql=[insert into `danhmuc` values('','Quần joger','1','0','')] --> 
15.01.2021 09:40:40 <!-- sql=[update `danhmuc`set count = count + 1 where id = 1] --> 
15.01.2021 09:40:40 sql=[select * from danhmuc where 1 = 1 ] 
15.01.2021 09:40:45 sql=[select * from danhmuc where `parent` = 0] 
15.01.2021 09:41:04 sql=[select * from danhmuc where `parent` = 0] 
15.01.2021 09:41:05 <!-- sql=[insert into `danhmuc` values('','Quần jean','1','0','')] --> 
15.01.2021 09:41:05 <!-- sql=[update `danhmuc`set count = count + 1 where id = 1] --> 
15.01.2021 09:41:05 sql=[select * from danhmuc where 1 = 1 ] 
15.01.2021 09:41:15 sql=[select * from danhmuc where `parent` = 0] 
15.01.2021 09:41:25 sql=[select * from danhmuc where `parent` = 0] 
15.01.2021 09:41:25 <!-- sql=[insert into `danhmuc` values('','Quần Âu','1','0','')] --> 
15.01.2021 09:41:25 <!-- sql=[update `danhmuc`set count = count + 1 where id = 1] --> 
15.01.2021 09:41:25 sql=[select * from danhmuc where 1 = 1 ] 
15.01.2021 09:41:36 sql=[select * from danhmuc where `parent` = 0] 
15.01.2021 09:41:47 sql=[select * from danhmuc where `parent` = 0] 
15.01.2021 09:41:47 <!-- sql=[insert into `danhmuc` values('','Quần kaki','1','0','')] --> 
15.01.2021 09:41:47 <!-- sql=[update `danhmuc`set count = count + 1 where id = 1] --> 
15.01.2021 09:41:47 sql=[select * from danhmuc where 1 = 1 ] 
15.01.2021 09:42:05 sql=[select * from danhmuc where `parent` = 0] 
15.01.2021 09:42:17 sql=[select * from danhmuc where `parent` = 0] 
15.01.2021 09:42:17 <!-- sql=[insert into `danhmuc` values('','Áo Nam','0','0','')] --> 
15.01.2021 09:42:17 <!-- sql=[update `danhmuc`set count = count + 1 where id = 0] --> 
15.01.2021 09:42:17 sql=[select * from danhmuc where 1 = 1 ] 
15.01.2021 10:51:04 sql=[select * from danhmuc where 1 = 1 ] 
15.01.2021 10:51:09 sql=[select * from danhmuc where 1 = 1 ] 
15.01.2021 11:02:53 sql=[select * from danhmuc where `parent` = 0] 
15.01.2021 11:02:53 sql=[select * from danhmuc where `id` =1] 
15.01.2021 11:02:59 sql=[select * from danhmuc where `parent` = 0] 
15.01.2021 11:02:59 sql=[select * from danhmuc where `id` =1] 
15.01.2021 11:02:59 <!-- sql=[update `danhmuc` set ten ='Quần nam',
									 `parent` = '0',
									  image = '' 
								 where id = 1] --> 
15.01.2021 11:02:59 <!-- sql=[update `danhmuc` set count = count + 1 where id = 0] --> 
15.01.2021 11:02:59 sql=[select * from danhmuc where 1 = 1 ] 
15.01.2021 11:04:56 sql=[select * from danhmuc where `parent` = 0] 
15.01.2021 11:05:05 sql=[select * from danhmuc where `parent` = 0] 
15.01.2021 11:05:05 <!-- sql=[insert into `danhmuc` values('','11111111111111','1','0','')] --> 
15.01.2021 11:05:05 <!-- sql=[update `danhmuc`set count = count + 1 where id = 1] --> 
15.01.2021 11:05:05 sql=[select * from danhmuc where 1 = 1 ] 
15.01.2021 11:07:23 sql=[select * from danhmuc where `parent` = 0] 
15.01.2021 11:07:46 sql=[select * from danhmuc where `parent` = 0] 
15.01.2021 11:07:59 sql=[select * from danhmuc where `parent` = 0] 
15.01.2021 11:08:30 sql=[select * from danhmuc where `parent` = 0] 
15.01.2021 11:08:38 sql=[select * from danhmuc where `parent` = 0] 
15.01.2021 11:08:45 sql=[select * from danhmuc where `parent` = 0] 
15.01.2021 11:09:08 sql=[select * from danhmuc where `parent` = 0] 
15.01.2021 11:09:08 <!-- sql=[insert into `danhmuc` values('','2131233','1','0','')] --> 
15.01.2021 11:09:08 <!-- sql=[update `danhmuc`set count = count + 1 where id = 1] --> 
15.01.2021 11:09:08 sql=[select * from danhmuc where 1 = 1 ] 
15.01.2021 11:09:13 sql=[select * from danhmuc where `parent` = 0] 
15.01.2021 11:09:13 sql=[select * from danhmuc where `id` =13] 
15.01.2021 11:09:17 sql=[select * from danhmuc where 1 = 1 ] 
15.01.2021 11:09:40 sql=[select * from danhmuc where `parent` = 0] 
15.01.2021 11:09:40 sql=[select * from danhmuc where `id` =1] 
15.01.2021 11:11:19 sql=[select * from danhmuc where 1 = 1 ] 
15.01.2021 11:11:22 sql=[select * from danhmuc where `parent` = 0] 
15.01.2021 11:11:32 sql=[select * from danhmuc where `parent` = 0] 
15.01.2021 11:11:32 <!-- sql=[insert into `danhmuc` values('','qqqqqqqqqqqqq','1','0','')] --> 
15.01.2021 11:11:32 <!-- sql=[update `danhmuc`set count = count + 1 where id = 1] --> 
15.01.2021 11:11:32 sql=[select * from danhmuc where 1 = 1 ] 
15.01.2021 11:12:25 sql=[select * from danhmuc where `parent` = 0] 
15.01.2021 11:12:34 sql=[select * from danhmuc where `parent` = 0] 
15.01.2021 11:16:34 sql=[select * from danhmuc where `parent` = 0] 
15.01.2021 11:16:42 sql=[select * from danhmuc where `parent` = 0] 
15.01.2021 11:16:42 <!-- sql=[insert into `danhmuc` values('','11111111111111','1','0','')] --> 
15.01.2021 11:16:42 <!-- sql=[update `danhmuc`set count = count + 1 where id = 1] --> 
15.01.2021 11:16:42 sql=[select * from danhmuc where 1 = 1 ] 
15.01.2021 11:16:46 sql=[select * from danhmuc where `parent` = 0] 
15.01.2021 11:16:55 sql=[select * from danhmuc where `parent` = 0] 
15.01.2021 11:16:55 <!-- sql=[insert into `danhmuc` values('','1','0','0','')] --> 
15.01.2021 11:16:55 <!-- sql=[update `danhmuc`set count = count + 1 where id = 0] --> 
15.01.2021 11:16:55 sql=[select * from danhmuc where 1 = 1 ] 
15.01.2021 11:17:19 sql=[select * from danhmuc where `parent` = 0] 
15.01.2021 11:17:27 sql=[select * from danhmuc where `parent` = 0] 
15.01.2021 11:17:55 sql=[select * from danhmuc where `parent` = 0] 
15.01.2021 11:18:15 sql=[select * from danhmuc where `parent` = 0] 
15.01.2021 11:21:52 sql=[select * from danhmuc where `parent` = 0] 
15.01.2021 11:21:52 <!-- sql=[insert into `danhmuc` values('','ưqewqe','1','0','')] --> 
15.01.2021 11:21:52 <!-- sql=[update `danhmuc`set count = count + 1 where id = 1] --> 
15.01.2021 11:21:52 sql=[select * from danhmuc where 1 = 1 ] 
15.01.2021 11:22:05 <!-- sql=[DELETE FROM `danhmuc` WHERE id in (12,13,14,15,16,17)] --> 
15.01.2021 11:22:05 sql=[select * from danhmuc where 1 = 1 ] 
15.01.2021 11:22:05 sql=[select * from danhmuc where 1 = 1 ] 
15.01.2021 11:22:08 sql=[select * from danhmuc where `parent` = 0] 
15.01.2021 11:22:08 sql=[select * from danhmuc where `id` =7] 
15.01.2021 11:28:35 sql=[select * from danhmuc where `parent` = 0] 
15.01.2021 11:28:35 sql=[select * from danhmuc where `id` =7] 
15.01.2021 11:28:36 sql=[select * from danhmuc where 1 = 1 ] 
15.01.2021 11:28:38 sql=[select * from danhmuc where `parent` = 0] 
15.01.2021 11:28:49 sql=[select * from danhmuc where `parent` = 0] 
15.01.2021 11:28:49 <!-- sql=[insert into `danhmuc` values('','123213','1','0','uploads/1-20210115-112849.webp')] --> 
15.01.2021 11:28:49 <!-- sql=[update `danhmuc`set count = count + 1 where id = 1] --> 
15.01.2021 11:28:49 sql=[select * from danhmuc where 1 = 1 ] 
15.01.2021 11:31:53 sql=[select * from danhmuc where 1 = 1 ] 
15.01.2021 11:31:55 sql=[select * from danhmuc where `parent` = 0] 
15.01.2021 11:32:03 sql=[select * from danhmuc where `parent` = 0] 
15.01.2021 11:32:03 <!-- sql=[insert into `danhmuc` values('','11111','1','0','../../uploads/1-20210115-113203.webp')] --> 
15.01.2021 11:32:03 <!-- sql=[update `danhmuc`set count = count + 1 where id = 1] --> 
15.01.2021 11:32:03 sql=[select * from danhmuc where 1 = 1 ] 
15.01.2021 11:33:59 sql=[select * from danhmuc where 1 = 1 ] 
15.01.2021 11:34:03 sql=[select * from danhmuc where `parent` = 0] 
15.01.2021 11:34:12 sql=[select * from danhmuc where `parent` = 0] 
15.01.2021 11:34:12 <!-- sql=[insert into `danhmuc` values('','11111','1','0','/uploads/1-20210115-113412.webp')] --> 
15.01.2021 11:34:12 <!-- sql=[update `danhmuc`set count = count + 1 where id = 1] --> 
15.01.2021 11:34:12 sql=[select * from danhmuc where 1 = 1 ] 
15.01.2021 11:34:45 sql=[select * from danhmuc where 1 = 1 ] 
15.01.2021 11:35:15 sql=[select * from danhmuc where `parent` = 0] 
15.01.2021 11:35:27 sql=[select * from danhmuc where `parent` = 0] 
15.01.2021 11:36:19 sql=[select * from danhmuc where `parent` = 0] 
15.01.2021 11:36:32 sql=[select * from danhmuc where `parent` = 0] 
15.01.2021 11:36:33 sql=[select * from danhmuc where `parent` = 0] 
15.01.2021 11:38:04 sql=[select * from danhmuc where `parent` = 0] 
15.01.2021 11:38:04 <!-- sql=[insert into `danhmuc` values('','543tfdsfds','1','0','./uploads/1-20210115-113804.webp')] --> 
15.01.2021 11:38:04 <!-- sql=[update `danhmuc`set count = count + 1 where id = 1] --> 
15.01.2021 11:38:04 sql=[select * from danhmuc where 1 = 1 ] 
15.01.2021 11:40:34 sql=[select * from danhmuc where 1 = 1 ] 
15.01.2021 11:40:51 sql=[select * from danhmuc where `parent` = 0] 
15.01.2021 11:40:58 sql=[select * from danhmuc where `parent` = 0] 
15.01.2021 11:40:58 <!-- sql=[insert into `danhmuc` values('','13213','1','0','uploads/1-20210115-114058.webp')] --> 
15.01.2021 11:40:58 <!-- sql=[update `danhmuc`set count = count + 1 where id = 1] --> 
15.01.2021 11:40:59 sql=[select * from danhmuc where 1 = 1 ] 
15.01.2021 11:41:52 sql=[select * from danhmuc where 1 = 1 ] 
15.01.2021 11:42:56 <!-- sql=[DELETE FROM `danhmuc` WHERE id in (18,19,20,21)] --> 
15.01.2021 11:42:56 sql=[select * from danhmuc where 1 = 1 ] 
15.01.2021 11:42:56 sql=[select * from danhmuc where 1 = 1 ] 
15.01.2021 11:45:45 sql=[select * from danhmuc where 1 = 1 ] 
15.01.2021 11:46:04 sql=[select * from danhmuc where `parent` = 0] 
15.01.2021 11:46:04 sql=[select * from danhmuc where `id` =7] 
15.01.2021 11:46:08 sql=[select * from danhmuc where `parent` = 0] 
15.01.2021 11:46:08 sql=[select * from danhmuc where `id` =7] 
15.01.2021 11:46:08 <!-- sql=[update `danhmuc` set ten ='Quần joger',
									 `parent` = '1',
									  image = 'uploads/1-20210115-114608.webp' 
								 where id = 7] --> 
15.01.2021 11:46:08 <!-- sql=[update `danhmuc` set count = count + 1 where id = 1] --> 
15.01.2021 11:46:08 sql=[select * from danhmuc where 1 = 1 ] 
15.01.2021 11:46:11 sql=[select * from danhmuc where `parent` = 0] 
15.01.2021 11:46:11 sql=[select * from danhmuc where `id` =9] 
15.01.2021 11:46:14 sql=[select * from danhmuc where `parent` = 0] 
15.01.2021 11:46:14 sql=[select * from danhmuc where `id` =9] 
15.01.2021 11:46:14 <!-- sql=[update `danhmuc` set ten ='Quần Âu',
									 `parent` = '1',
									  image = 'uploads/1-20210115-114614.webp' 
								 where id = 9] --> 
15.01.2021 11:46:14 <!-- sql=[update `danhmuc` set count = count + 1 where id = 1] --> 
15.01.2021 11:46:15 sql=[select * from danhmuc where 1 = 1 ] 
15.01.2021 11:46:47 <!-- sql=[DELETE FROM `danhmuc` WHERE id=22] --> 
15.01.2021 11:46:47 sql=[select * from danhmuc where 1 = 1 ] 
15.01.2021 11:46:57 sql=[select * from danhmuc where 1 = 1 ] 
15.01.2021 02:48:53 sql=[select * from danhmuc where 1 = 1 ] 
15.01.2021 03:23:17 sql=[select * from danhmuc where 1 = 1 ] 
15.01.2021 03:23:22 sql=[select * from danhmuc where 1 = 1 ] 
15.01.2021 03:23:23 sql=[select * from danhmuc where 1 = 1 ] 
15.01.2021 03:23:27 sql=[select * from danhmuc where 1 = 1 ] 
15.01.2021 03:23:28 sql=[select * from danhmuc where 1 = 1 ] 
15.01.2021 03:23:30 sql=[select * from danhmuc where 1 = 1 ] 
15.01.2021 03:42:14 sql=[select * from danhmuc where 1 = 1 ] 
15.01.2021 03:42:16 sql=[select * from danhmuc where `parent` = 0] 
15.01.2021 03:42:26 sql=[select * from danhmuc where `parent` = 0] 
15.01.2021 03:42:26 <!-- sql=[insert into danhmuc (id,ten,parent) values (n'NULL',n'11111',n'0')] --> 
15.01.2021 03:42:42 sql=[select * from danhmuc where `parent` = 0] 
15.01.2021 03:42:42 <!-- sql=[insert into menu (id,ten,parent) values (n'NULL',n'11111',n'0')] --> 
15.01.2021 03:43:30 sql=[select * from danhmuc where `parent` = 0] 
15.01.2021 03:43:30 <!-- sql=[insert into danhmuc (id,ten,parent) values (n'NULL',n'11111',n'0')] --> 
15.01.2021 03:43:30 sql=[select * from danhmuc where 1 = 1 ] 
15.01.2021 03:43:35 sql=[select * from danhmuc where `parent` = 0] 
15.01.2021 03:43:40 sql=[select * from danhmuc where `parent` = 0] 
15.01.2021 03:43:40 <!-- sql=[insert into danhmuc (id,ten,parent) values (n'NULL',n'ưewqewqewq',n'11')] --> 
15.01.2021 03:43:40 sql=[select * from danhmuc where 1 = 1 ] 
15.01.2021 03:43:54 <!-- sql=[DELETE FROM `danhmuc` WHERE id in (12,13,14)] --> 
15.01.2021 03:43:54 sql=[select * from danhmuc where 1 = 1 ] 
15.01.2021 03:43:54 sql=[select * from danhmuc where 1 = 1 ] 
15.01.2021 03:46:35 sql=[select * from danhmuc where 1 = 1 ] 
15.01.2021 04:40:32 sql=[select * from danhmuc where 1 = 1 ] 
15.01.2021 04:40:38 <!-- sql=[DELETE FROM `danhmuc` WHERE id in (15)] --> 
15.01.2021 04:40:38 sql=[select * from danhmuc where 1 = 1 ] 
15.01.2021 04:40:38 sql=[select * from danhmuc where 1 = 1 ] 
15.01.2021 07:02:48 sql=[select * from danhmuc where 1 = 1 ] 
15.01.2021 07:02:50 sql=[select * from danhmuc where `parent` = 0] 
15.01.2021 07:02:52 sql=[select * from danhmuc where 1 = 1 ] 
15.01.2021 07:10:05 sql=[select * from danhmuc where 1 = 1 ] 
15.01.2021 08:22:54 sql=[select * from danhmuc where 1 = 1 ] 
15.01.2021 08:22:55 sql=[select * from danhmuc where `parent` = 0] 
15.01.2021 08:23:06 sql=[select * from danhmuc where `parent` = 0] 
15.01.2021 08:23:06 <!-- sql=[insert into danhmuc (id,ten,parent) values (n'NULL',n'Áo Bò',n'11')] --> 
15.01.2021 08:23:06 sql=[select * from danhmuc where 1 = 1 ] 
15.01.2021 08:33:02 sql=[select * from danhmuc where `parent` = 0] 
15.01.2021 08:33:02 sql=[select * from danhmuc where `id` =1] 
15.01.2021 08:33:07 sql=[select * from danhmuc where `parent` = 0] 
15.01.2021 08:33:07 sql=[select * from danhmuc where `id` =1] 
15.01.2021 08:33:07 <!-- sql=[update `danhmuc` set ten ='Quần nam',
									 `parent` = '0',
									  image = 'uploads/quan-20210115-083307.webp' 
								 where id = 1] --> 
15.01.2021 08:33:07 <!-- sql=[update `danhmuc` set count = count + 1 where id = 0] --> 
15.01.2021 08:33:07 sql=[select * from danhmuc where 1 = 1 ] 
15.01.2021 08:33:48 sql=[select * from danhmuc where `parent` = 0] 
15.01.2021 08:33:48 sql=[select * from danhmuc where `id` =7] 
15.01.2021 08:33:54 sql=[select * from danhmuc where `parent` = 0] 
15.01.2021 08:33:54 sql=[select * from danhmuc where `id` =7] 
15.01.2021 08:33:54 <!-- sql=[update `danhmuc` set ten ='Quần joger',
									 `parent` = '1',
									  image = 'uploads/jogger-20210115-083354.webp' 
								 where id = 7] --> 
15.01.2021 08:33:54 <!-- sql=[update `danhmuc` set count = count + 1 where id = 1] --> 
15.01.2021 08:33:54 sql=[select * from danhmuc where 1 = 1 ] 
15.01.2021 08:37:36 sql=[select * from danhmuc where `parent` = 0] 
15.01.2021 08:37:36 sql=[select * from danhmuc where `id` =8] 
15.01.2021 08:37:41 sql=[select * from danhmuc where `parent` = 0] 
15.01.2021 08:37:41 sql=[select * from danhmuc where `id` =8] 
15.01.2021 08:37:41 <!-- sql=[update `danhmuc` set ten ='Quần jean',
									 `parent` = '1',
									  image = 'uploads/quan-20210115-083741.webp' 
								 where id = 8] --> 
15.01.2021 08:37:41 <!-- sql=[update `danhmuc` set count = count + 1 where id = 1] --> 
15.01.2021 08:37:41 sql=[select * from danhmuc where 1 = 1 ] 
15.01.2021 08:38:02 sql=[select * from danhmuc where `parent` = 0] 
15.01.2021 08:38:02 sql=[select * from danhmuc where `id` =9] 
15.01.2021 08:38:11 sql=[select * from danhmuc where `parent` = 0] 
15.01.2021 08:38:11 sql=[select * from danhmuc where `id` =9] 
15.01.2021 08:38:11 <!-- sql=[update `danhmuc` set ten ='Quần Tây',
									 `parent` = '1',
									  image = 'uploads/tay-20210115-083811.webp' 
								 where id = 9] --> 
15.01.2021 08:38:11 <!-- sql=[update `danhmuc` set count = count + 1 where id = 1] --> 
15.01.2021 08:38:11 sql=[select * from danhmuc where 1 = 1 ] 
15.01.2021 08:38:45 sql=[select * from danhmuc where `parent` = 0] 
15.01.2021 08:38:45 sql=[select * from danhmuc where `id` =10] 
15.01.2021 08:38:50 sql=[select * from danhmuc where `parent` = 0] 
15.01.2021 08:38:50 sql=[select * from danhmuc where `id` =10] 
15.01.2021 08:38:50 <!-- sql=[update `danhmuc` set ten ='Quần kaki',
									 `parent` = '1',
									  image = 'uploads/kaki-20210115-083850.webp' 
								 where id = 10] --> 
15.01.2021 08:38:50 <!-- sql=[update `danhmuc` set count = count + 1 where id = 1] --> 
15.01.2021 08:38:50 sql=[select * from danhmuc where 1 = 1 ] 
15.01.2021 08:39:10 sql=[select * from danhmuc where `parent` = 0] 
15.01.2021 08:39:10 sql=[select * from danhmuc where `id` =11] 
15.01.2021 08:39:17 sql=[select * from danhmuc where `parent` = 0] 
15.01.2021 08:39:17 sql=[select * from danhmuc where `id` =11] 
15.01.2021 08:39:17 <!-- sql=[update `danhmuc` set ten ='Áo Nam',
									 `parent` = '0',
									  image = 'uploads/ao-20210115-083917.webp' 
								 where id = 11] --> 
15.01.2021 08:39:17 <!-- sql=[update `danhmuc` set count = count + 1 where id = 0] --> 
15.01.2021 08:39:17 sql=[select * from danhmuc where 1 = 1 ] 
15.01.2021 09:04:19 sql=[select * from danhmuc where 1 = 1 ] 
15.01.2021 09:04:21 sql=[select * from danhmuc where `parent` = 0] 
15.01.2021 09:04:21 sql=[select * from danhmuc where `id` =16] 
15.01.2021 09:04:26 sql=[select * from danhmuc where `parent` = 0] 
15.01.2021 09:04:26 sql=[select * from danhmuc where `id` =16] 
15.01.2021 09:04:26 <!-- sql=[update `danhmuc` set ten ='Áo Bò',
									 `parent` = '11',
									  image = 'uploads/bo-20210115-090426.webp' 
								 where id = 16] --> 
15.01.2021 09:04:26 <!-- sql=[update `danhmuc` set count = count + 1 where id = 11] --> 
15.01.2021 09:04:26 sql=[select * from danhmuc where 1 = 1 ] 
16.01.2021 07:06:03 sql=[select * from danhmuc where 1 = 1 ] 
16.01.2021 07:06:05 sql=[select * from danhmuc where `parent` = 0] 
17.01.2021 10:52:26 sql=[select * from danhmuc where 1 = 1 ] 
17.01.2021 10:53:59 sql=[select * from danhmuc where 1 = 1 ] 
17.01.2021 10:54:00 sql=[select * from danhmuc where `parent` = 0] 
17.01.2021 10:57:55 sql=[select * from danhmuc where 1 = 1 ] 
17.01.2021 11:15:10 sql=[select * from banner where 1 = 1 ] 
17.01.2021 11:15:20 <!-- sql=[insert into banner (id,image) values (n'NULL',n'uploads/ao-20210117-111520.webp')] --> 
17.01.2021 11:15:20 sql=[select * from banner where 1 = 1 ] 
17.01.2021 11:15:36 <!-- sql=[DELETE FROM `banner` WHERE id in (1)] --> 
17.01.2021 11:15:36 sql=[select * from banner where 1 = 1 ] 
17.01.2021 11:15:37 sql=[select * from banner where 1 = 1 ] 
17.01.2021 11:15:50 <!-- sql=[insert into banner (id,image) values (n'NULL',n'uploads/banner3-20210117-111550.jpg')] --> 
17.01.2021 11:15:50 sql=[select * from banner where 1 = 1 ] 
17.01.2021 11:16:15 <!-- sql=[insert into banner (id,image) values (n'NULL',n'uploads/banner3-20210117-111615.jpg')] --> 
17.01.2021 11:16:15 sql=[select * from banner where 1 = 1 ] 
17.01.2021 11:16:18 <!-- sql=[DELETE FROM `danhmuc` WHERE id=3] --> 
17.01.2021 11:16:18 sql=[select * from banner where 1 = 1 ] 
17.01.2021 11:18:02 sql=[select * from banner where 1 = 1 ] 
17.01.2021 11:18:04 sql=[select * from banner where `id` =3] 
17.01.2021 11:18:08 sql=[select * from banner where `id` =3] 
17.01.2021 11:18:08 <!-- sql=[update `danhmuc` set 
									  image = 'uploads/banner2-20210117-111808.jpg' 
								 where id = 3] --> 
17.01.2021 11:18:08 <!-- sql=[update `danhmuc` set count = count + 1 where id = ] --> 
17.01.2021 11:18:08 sql=[select * from banner where 1 = 1 ] 
17.01.2021 11:18:40 sql=[select * from banner where 1 = 1 ] 
17.01.2021 11:18:42 sql=[select * from banner where `id` =2] 
17.01.2021 11:18:49 sql=[select * from banner where `id` =2] 
17.01.2021 11:18:50 <!-- sql=[update `banner` set 
									  image = 'uploads/banner2-20210117-111849.jpg' 
								 where id = 2] --> 
17.01.2021 11:18:50 sql=[select * from banner where 1 = 1 ] 
17.01.2021 11:22:46 <!-- sql=[DELETE FROM `banner` WHERE id=3] --> 
17.01.2021 11:22:46 sql=[select * from banner where 1 = 1 ] 
17.01.2021 11:22:55 <!-- sql=[insert into banner (id,image) values (n'NULL',n'uploads/banner3-20210117-112255.jpg')] --> 
17.01.2021 11:22:55 sql=[select * from banner where 1 = 1 ] 
17.01.2021 11:24:18 sql=[select * from banner where 1 = 1 ] 
17.01.2021 12:28:39 sql=[select * from banner where 1 = 1 ] 
