15.01.2021 03:46:38 sql=[select * from danhmuc where `parent` = 0] 
15.01.2021 03:47:17 sql=[select * from danhmuc ] 
15.01.2021 03:50:26 sql=[select * from danhmuc ] 
15.01.2021 03:51:43 sql=[select * from danhmuc ] 
15.01.2021 03:53:46 sql=[select * from danhmuc ] 
15.01.2021 03:56:08 sql=[select * from danhmuc ] 
15.01.2021 03:56:26 sql=[select * from danhmuc ] 
15.01.2021 04:00:38 sql=[select * from danhmuc ] 
15.01.2021 04:01:16 sql=[select * from danhmuc ] 
15.01.2021 04:02:23 sql=[select * from danhmuc ] 
15.01.2021 04:03:52 sql=[select * from danhmuc ] 
15.01.2021 04:03:53 <!-- sql=[insert into danhmuc (id,ten,parent) values (n'NULL',n'NULL',n'NULL')] --> 
15.01.2021 04:03:55 sql=[select * from danhmuc ] 
15.01.2021 04:05:57 sql=[select * from danhmuc ] 
15.01.2021 04:06:01 sql=[select * from danhmuc ] 
15.01.2021 04:10:31 sql=[select * from danhmuc ] 
15.01.2021 04:16:52 sql=[select * from danhmuc ] 
15.01.2021 04:17:04 sql=[select * from danhmuc ] 
15.01.2021 04:17:15 sql=[select * from danhmuc ] 
15.01.2021 04:23:49 sql=[select * from sanpham` where 1 = 1 ] 
15.01.2021 04:23:50 Khong the select duoc,ERROR=[You have an error in your SQL syntax; check the manual that corresponds to your MySQL server version for the right syntax to use near '` where 1 = 1' at line 1] 
15.01.2021 04:23:50 COUNT=[0] 
15.01.2021 04:24:35 sql=[select * from danhmuc ] 
15.01.2021 04:25:18 sql=[select * from danhmuc ] 
15.01.2021 04:25:18 <!-- sql=[insert into sanpham (id,ma_sp,ten_sp,id_dm,size,color,gia_bandau,gia_ban,noibat,mota,image,image1,image2,image3) values (n'NULL',n'Q1',n'Quần1',n'1',n'X,L,S,M',n'Đỏ,Tím',n'',n'11111111',n'1',n'sản phẩm chất lượng',n'uploads/1-20210115-042518.webp',n'',n'',n'')] --> 
15.01.2021 04:25:18 sql=[select * from sanpham` where 1 = 1 ] 
15.01.2021 04:25:18 Khong the select duoc,ERROR=[You have an error in your SQL syntax; check the manual that corresponds to your MySQL server version for the right syntax to use near '` where 1 = 1' at line 1] 
15.01.2021 04:25:18 COUNT=[0] 
15.01.2021 04:26:03 sql=[select * from danhmuc ] 
15.01.2021 04:26:29 sql=[select * from danhmuc ] 
15.01.2021 04:27:28 sql=[select * from danhmuc ] 
15.01.2021 04:28:18 sql=[select * from danhmuc ] 
15.01.2021 04:28:18 <!-- sql=[insert into sanpham (id,ma_sp,ten_sp,id_danhmuc,size,color,gia_bandau,gia_ban,noibat,mota,image,image1,image2,image3) values (n'NULL',n'Q1',n'Quần1',n'1',n'L,S',n'Đỏ,Vàng',n'',n'111111',n'1',n'12321321321',n'uploads/1-20210115-042818.webp',n'',n'',n'')] --> 
15.01.2021 04:28:18 sql=[select * from sanpham` where 1 = 1 ] 
15.01.2021 04:28:18 Khong the select duoc,ERROR=[You have an error in your SQL syntax; check the manual that corresponds to your MySQL server version for the right syntax to use near '` where 1 = 1' at line 1] 
15.01.2021 04:28:18 COUNT=[0] 
15.01.2021 04:29:23 sql=[select * from sanpham` where 1 = 1 ] 
15.01.2021 04:29:23 Khong the select duoc,ERROR=[You have an error in your SQL syntax; check the manual that corresponds to your MySQL server version for the right syntax to use near '` where 1 = 1' at line 1] 
15.01.2021 04:29:23 COUNT=[0] 
15.01.2021 04:29:38 sql=[select * from `sanpham` where 1 = 1 ] 
15.01.2021 04:37:24 sql=[select a.*,b.ten from `sanpham` a left join danhmuc b on b.id = a.id_danhmuc where 1 = 1 ] 
15.01.2021 04:37:43 sql=[select a.*,b.ten from `sanpham` a left join danhmuc b on b.id = a.id_danhmuc where 1 = 1 ] 
15.01.2021 04:38:36 sql=[select a.*,b.ten from `sanpham` a left join danhmuc b on b.id = a.id_danhmuc where 1 = 1 ] 
15.01.2021 04:38:37 <!-- sql=[DELETE FROM `sanpham` WHERE id in (<br />
<b>Notice</b>:  Undefined variable: category in <b>C:\xampp\htdocs\BTL\admin\product\index.php</b> on line <b>93</b><br />
)] --> 
15.01.2021 04:38:37 sql=[select a.*,b.ten from `sanpham` a left join danhmuc b on b.id = a.id_danhmuc where 1 = 1 ] 
15.01.2021 04:38:38 sql=[select a.*,b.ten from `sanpham` a left join danhmuc b on b.id = a.id_danhmuc where 1 = 1 ] 
15.01.2021 04:42:31 sql=[select a.*,b.ten from `sanpham` a left join danhmuc b on b.id = a.id_danhmuc where 1 = 1 ] 
15.01.2021 04:43:22 sql=[select a.*,b.ten from `sanpham` a left join danhmuc b on b.id = a.id_danhmuc where 1 = 1 ] 
15.01.2021 04:44:40 sql=[select * from danhmuc ] 
15.01.2021 04:45:59 sql=[select * from danhmuc ] 
15.01.2021 04:47:47 sql=[select * from danhmuc ] 
15.01.2021 04:47:47 <!-- sql=[insert into sanpham (id,ma_sp,ten_sp,id_danhmuc,size,color,gia_bandau,gia_ban,noibat,mota,image,image1,image2,image3) values (n'NULL',n'QJ0D1328Xc28',n'Quần Jeans S.W blue ripped 1328',n'1',n'28,29,30,31,32',n'Xanh,Đỏ,Tím',n'680000',n'580000',n'1',n'Quần jeans SIMWOOD mặc vào là thích luôn. Mẫu mới S.W blue ripped pant// Dòng jeans rách siêu bụi và ngầu. Thiết kế khá trendy, phần rách phối đắp thời trang. Màu light- blue wash rất dễ mix đồ.Form skinny fit, chất jeans co giãn mặc êm & thoải mái.',n'uploads/1-20210115-044747.webp',n'uploads/2-20210115-044747.webp',n'uploads/3-20210115-044747.webp',n'uploads/4-20210115-044747.jpg')] --> 
15.01.2021 04:47:47 sql=[select a.*,b.ten from `sanpham` a left join danhmuc b on b.id = a.id_danhmuc where 1 = 1 ] 
15.01.2021 05:53:04 sql=[select a.*,b.ten from `sanpham` a left join danhmuc b on b.id = a.id_danhmuc where 1 = 1 ] 
15.01.2021 05:54:08 sql=[select * from danhmuc ] 
15.01.2021 05:54:08 sql=[select * from sanpham where `id` =3] 
15.01.2021 05:55:06 sql=[select * from danhmuc ] 
15.01.2021 05:55:06 sql=[select * from sanpham where `id` =3] 
15.01.2021 05:55:10 sql=[select a.*,b.ten from `sanpham` a left join danhmuc b on b.id = a.id_danhmuc where 1 = 1 ] 
15.01.2021 05:55:12 sql=[select * from danhmuc ] 
15.01.2021 05:55:12 sql=[select * from sanpham where `id` =3] 
15.01.2021 05:56:13 sql=[select a.*,b.ten from `sanpham` a left join danhmuc b on b.id = a.id_danhmuc where 1 = 1 ] 
15.01.2021 05:56:16 sql=[select * from danhmuc ] 
15.01.2021 05:56:16 sql=[select * from sanpham where `id` =3] 
15.01.2021 05:56:38 sql=[select a.*,b.ten from `sanpham` a left join danhmuc b on b.id = a.id_danhmuc where 1 = 1 ] 
15.01.2021 05:56:40 sql=[select * from danhmuc ] 
15.01.2021 05:56:40 sql=[select * from sanpham where `id` =3] 
15.01.2021 05:57:25 sql=[select a.*,b.ten from `sanpham` a left join danhmuc b on b.id = a.id_danhmuc where 1 = 1 ] 
15.01.2021 05:57:28 sql=[select a.*,b.ten from `sanpham` a left join danhmuc b on b.id = a.id_danhmuc where 1 = 1 ] 
15.01.2021 05:57:31 sql=[select * from danhmuc ] 
15.01.2021 05:57:31 sql=[select * from sanpham where `id` =3] 
15.01.2021 05:57:42 sql=[select a.*,b.ten from `sanpham` a left join danhmuc b on b.id = a.id_danhmuc where 1 = 1 ] 
15.01.2021 05:57:49 sql=[select * from danhmuc ] 
15.01.2021 05:57:49 sql=[select * from sanpham where `id` =3] 
15.01.2021 05:58:18 sql=[select a.*,b.ten from `sanpham` a left join danhmuc b on b.id = a.id_danhmuc where 1 = 1 ] 
15.01.2021 05:58:20 sql=[select * from danhmuc ] 
15.01.2021 05:58:20 sql=[select * from sanpham where `id` =2] 
15.01.2021 05:58:31 sql=[select * from danhmuc ] 
15.01.2021 05:58:31 sql=[select * from sanpham where `id` =2] 
15.01.2021 05:58:38 sql=[select * from danhmuc ] 
15.01.2021 05:58:38 sql=[select * from sanpham where `id` =2] 
15.01.2021 05:59:21 sql=[select a.*,b.ten from `sanpham` a left join danhmuc b on b.id = a.id_danhmuc where 1 = 1 ] 
15.01.2021 05:59:23 sql=[select * from danhmuc ] 
15.01.2021 05:59:23 sql=[select * from sanpham where `id` =3] 
15.01.2021 05:59:53 sql=[select * from danhmuc ] 
15.01.2021 05:59:53 sql=[select * from sanpham where `id` =3] 
15.01.2021 06:01:16 sql=[select * from danhmuc ] 
15.01.2021 06:01:16 sql=[select * from sanpham where `id` =3] 
15.01.2021 06:01:42 sql=[select * from danhmuc ] 
15.01.2021 06:01:42 sql=[select * from sanpham where `id` =3] 
15.01.2021 06:01:46 sql=[select a.*,b.ten from `sanpham` a left join danhmuc b on b.id = a.id_danhmuc where 1 = 1 ] 
15.01.2021 06:01:48 sql=[select * from danhmuc ] 
15.01.2021 06:01:48 sql=[select * from sanpham where `id` =3] 
15.01.2021 06:02:03 sql=[select a.*,b.ten from `sanpham` a left join danhmuc b on b.id = a.id_danhmuc where 1 = 1 ] 
15.01.2021 06:02:17 sql=[select a.*,b.ten from `sanpham` a left join danhmuc b on b.id = a.id_danhmuc where 1 = 1 ] 
15.01.2021 06:02:19 sql=[select * from danhmuc ] 
15.01.2021 06:02:19 sql=[select * from sanpham where `id` =3] 
15.01.2021 06:03:03 sql=[select * from danhmuc ] 
15.01.2021 06:03:03 sql=[select * from sanpham where `id` =3] 
15.01.2021 06:03:38 sql=[select a.*,b.ten from `sanpham` a left join danhmuc b on b.id = a.id_danhmuc where 1 = 1 ] 
15.01.2021 06:03:41 sql=[select * from danhmuc ] 
15.01.2021 06:03:41 sql=[select * from sanpham where `id` =3] 
15.01.2021 06:03:54 sql=[select * from danhmuc ] 
15.01.2021 06:03:54 sql=[select * from sanpham where `id` =3] 
15.01.2021 06:03:57 sql=[select a.*,b.ten from `sanpham` a left join danhmuc b on b.id = a.id_danhmuc where 1 = 1 ] 
15.01.2021 06:03:58 sql=[select * from danhmuc ] 
15.01.2021 06:03:58 sql=[select * from sanpham where `id` =2] 
15.01.2021 06:04:14 sql=[select * from danhmuc ] 
15.01.2021 06:04:14 sql=[select * from sanpham where `id` =2] 
15.01.2021 06:04:35 sql=[select * from danhmuc ] 
15.01.2021 06:04:35 sql=[select * from sanpham where `id` =3] 
15.01.2021 06:05:29 sql=[select * from danhmuc ] 
15.01.2021 06:05:29 sql=[select * from sanpham where `id` =3] 
15.01.2021 06:05:38 sql=[select * from danhmuc ] 
15.01.2021 06:05:38 sql=[select * from sanpham where `id` =3] 
15.01.2021 06:05:50 sql=[select * from danhmuc ] 
15.01.2021 06:05:50 sql=[select * from sanpham where `id` =3] 
15.01.2021 06:05:57 sql=[select a.*,b.ten from `sanpham` a left join danhmuc b on b.id = a.id_danhmuc where 1 = 1 ] 
15.01.2021 06:06:00 sql=[select * from danhmuc ] 
15.01.2021 06:06:00 sql=[select * from sanpham where `id` =3] 
15.01.2021 06:06:47 sql=[select * from danhmuc ] 
15.01.2021 06:06:47 sql=[select * from sanpham where `id` =3] 
15.01.2021 06:06:54 sql=[select a.*,b.ten from `sanpham` a left join danhmuc b on b.id = a.id_danhmuc where 1 = 1 ] 
15.01.2021 06:06:56 sql=[select * from danhmuc ] 
15.01.2021 06:06:56 sql=[select * from sanpham where `id` =3] 
15.01.2021 06:07:07 sql=[select a.*,b.ten from `sanpham` a left join danhmuc b on b.id = a.id_danhmuc where 1 = 1 ] 
15.01.2021 06:07:13 sql=[select * from danhmuc ] 
15.01.2021 06:07:30 sql=[select * from danhmuc ] 
15.01.2021 06:07:30 sql=[select * from sanpham where `id` =3] 
15.01.2021 06:07:51 sql=[select * from danhmuc ] 
15.01.2021 06:07:51 sql=[select * from sanpham where `id` =3] 
15.01.2021 06:07:54 sql=[select a.*,b.ten from `sanpham` a left join danhmuc b on b.id = a.id_danhmuc where 1 = 1 ] 
15.01.2021 06:07:55 sql=[select * from danhmuc ] 
15.01.2021 06:07:55 sql=[select * from sanpham where `id` =3] 
15.01.2021 06:08:40 sql=[select * from danhmuc ] 
15.01.2021 06:08:40 sql=[select * from sanpham where `id` =3] 
15.01.2021 06:08:42 sql=[select a.*,b.ten from `sanpham` a left join danhmuc b on b.id = a.id_danhmuc where 1 = 1 ] 
15.01.2021 06:08:44 sql=[select * from danhmuc ] 
15.01.2021 06:08:44 sql=[select * from sanpham where `id` =3] 
15.01.2021 06:09:03 sql=[select a.*,b.ten from `sanpham` a left join danhmuc b on b.id = a.id_danhmuc where 1 = 1 ] 
15.01.2021 06:09:06 sql=[select * from danhmuc ] 
15.01.2021 06:09:39 sql=[select * from danhmuc ] 
15.01.2021 06:09:39 <!-- sql=[insert into sanpham (id,ma_sp,ten_sp,id_danhmuc,size,color,gia_bandau,gia_ban,noibat,mota,image,image1,image2,image3) values (n'NULL',n'1',n'1',n'1',n'28,29',n'Xanh,Đỏ,Tím,Vàng',n'',n'123213',n'1',n'12321321',n'uploads/3-20210115-060939.webp',n'',n'',n'')] --> 
15.01.2021 06:09:39 sql=[select a.*,b.ten from `sanpham` a left join danhmuc b on b.id = a.id_danhmuc where 1 = 1 ] 
15.01.2021 06:09:41 sql=[select * from danhmuc ] 
15.01.2021 06:09:41 sql=[select * from sanpham where `id` =4] 
15.01.2021 06:10:07 sql=[select a.*,b.ten from `sanpham` a left join danhmuc b on b.id = a.id_danhmuc where 1 = 1 ] 
15.01.2021 06:10:09 sql=[select * from danhmuc ] 
15.01.2021 06:10:09 sql=[select * from sanpham where `id` =4] 
15.01.2021 06:10:30 sql=[select * from danhmuc ] 
15.01.2021 06:10:30 sql=[select * from sanpham where `id` =4] 
15.01.2021 06:10:31 sql=[select a.*,b.ten from `sanpham` a left join danhmuc b on b.id = a.id_danhmuc where 1 = 1 ] 
15.01.2021 06:10:33 sql=[select * from danhmuc ] 
15.01.2021 06:10:33 sql=[select * from sanpham where `id` =4] 
15.01.2021 06:10:46 sql=[select * from danhmuc ] 
15.01.2021 06:10:46 sql=[select * from sanpham where `id` =4] 
15.01.2021 06:10:48 sql=[select a.*,b.ten from `sanpham` a left join danhmuc b on b.id = a.id_danhmuc where 1 = 1 ] 
15.01.2021 06:10:50 sql=[select * from danhmuc ] 
15.01.2021 06:10:50 sql=[select * from sanpham where `id` =3] 
15.01.2021 06:11:38 sql=[select * from danhmuc ] 
15.01.2021 06:11:38 sql=[select * from sanpham where `id` =3] 
15.01.2021 06:11:40 sql=[select a.*,b.ten from `sanpham` a left join danhmuc b on b.id = a.id_danhmuc where 1 = 1 ] 
15.01.2021 06:11:42 sql=[select * from danhmuc ] 
15.01.2021 06:11:42 sql=[select * from sanpham where `id` =3] 
15.01.2021 06:16:50 sql=[select * from danhmuc ] 
15.01.2021 06:16:50 sql=[select * from sanpham where `id` =3] 
15.01.2021 06:16:53 sql=[select a.*,b.ten from `sanpham` a left join danhmuc b on b.id = a.id_danhmuc where 1 = 1 ] 
15.01.2021 06:16:54 sql=[select * from danhmuc ] 
15.01.2021 06:16:54 sql=[select * from sanpham where `id` =4] 
15.01.2021 06:17:15 sql=[select * from danhmuc ] 
15.01.2021 06:17:15 sql=[select * from sanpham where `id` =4] 
15.01.2021 06:17:17 sql=[select a.*,b.ten from `sanpham` a left join danhmuc b on b.id = a.id_danhmuc where 1 = 1 ] 
15.01.2021 06:17:19 sql=[select * from danhmuc ] 
15.01.2021 06:17:19 sql=[select * from sanpham where `id` =3] 
15.01.2021 06:17:36 sql=[select * from danhmuc ] 
15.01.2021 06:17:36 sql=[select * from sanpham where `id` =3] 
15.01.2021 06:17:45 sql=[select * from danhmuc ] 
15.01.2021 06:17:45 sql=[select * from sanpham where `id` =3] 
15.01.2021 06:24:55 sql=[select * from danhmuc ] 
15.01.2021 06:24:55 sql=[select * from sanpham where `id` =3] 
15.01.2021 06:25:14 sql=[select * from danhmuc ] 
15.01.2021 06:25:14 sql=[select * from sanpham where `id` =3] 
15.01.2021 06:25:39 sql=[select * from danhmuc ] 
15.01.2021 06:25:39 sql=[select * from sanpham where `id` =3] 
15.01.2021 06:25:40 sql=[select * from danhmuc ] 
15.01.2021 06:25:40 sql=[select * from sanpham where `id` =3] 
15.01.2021 06:27:54 sql=[select * from danhmuc ] 
15.01.2021 06:27:54 sql=[select * from sanpham where `id` =3] 
15.01.2021 06:27:58 sql=[select a.*,b.ten from `sanpham` a left join danhmuc b on b.id = a.id_danhmuc where 1 = 1 ] 
15.01.2021 06:28:00 sql=[select * from danhmuc ] 
15.01.2021 06:28:00 sql=[select * from sanpham where `id` =2] 
15.01.2021 06:28:04 sql=[select * from danhmuc ] 
15.01.2021 06:28:04 sql=[select * from sanpham where `id` =2] 
15.01.2021 06:28:04 <!-- sql=[update sanpham set ma_sp=n'Q1',ten_sp=n'Quần2',id_danhmuc=n'1',size=n'L,S',color=n'Đỏ,Vàng',gia_bandau=n'0',gia_ban=n'111111',noibat=n'1',mota=n'12321321321',image=n'uploads/1-20210115-042818.webp',image1=n'',image2=n'',image3=n''  where id=2] --> 
15.01.2021 06:28:04 sql=[select a.*,b.ten from `sanpham` a left join danhmuc b on b.id = a.id_danhmuc where 1 = 1 ] 
15.01.2021 06:28:11 sql=[select * from danhmuc ] 
15.01.2021 06:28:11 sql=[select * from sanpham where `id` =4] 
15.01.2021 06:28:16 sql=[select * from danhmuc ] 
15.01.2021 06:28:16 sql=[select * from sanpham where `id` =4] 
15.01.2021 06:28:16 <!-- sql=[update sanpham set ma_sp=n'1',ten_sp=n'1',id_danhmuc=n'1',size=n'28,29,30',color=n'Xanh,Đỏ,Tím,Vàng',gia_bandau=n'0',gia_ban=n'123213',noibat=n'1',mota=n'12321321',image=n'uploads/3-20210115-060939.webp',image1=n'',image2=n'',image3=n''  where id=4] --> 
15.01.2021 06:28:16 sql=[select a.*,b.ten from `sanpham` a left join danhmuc b on b.id = a.id_danhmuc where 1 = 1 ] 
15.01.2021 06:29:10 sql=[select * from danhmuc ] 
15.01.2021 06:29:11 sql=[select * from sanpham where `id` =1] 
15.01.2021 06:29:13 sql=[select * from danhmuc ] 
15.01.2021 06:29:13 sql=[select * from sanpham where `id` =1] 
15.01.2021 06:29:13 <!-- sql=[update sanpham set ma_sp=n'Q1',ten_sp=n'Quần1',id_danhmuc=n'1',size=n'L,S',color=n'Đỏ,Vàng',gia_bandau=n'0',gia_ban=n'111111',noibat=n'1',mota=n'12321321321',image=n'uploads/1-20210115-042728.webp',image1=n'',image2=n'',image3=n''  where id=1] --> 
15.01.2021 06:29:13 sql=[select a.*,b.ten from `sanpham` a left join danhmuc b on b.id = a.id_danhmuc where 1 = 1 ] 
15.01.2021 06:29:14 sql=[select * from danhmuc ] 
15.01.2021 06:29:14 sql=[select * from sanpham where `id` =1] 
15.01.2021 06:29:56 sql=[select * from danhmuc ] 
15.01.2021 06:29:56 sql=[select * from sanpham where `id` =1] 
15.01.2021 06:29:58 sql=[select * from danhmuc ] 
15.01.2021 06:29:58 sql=[select * from sanpham where `id` =1] 
15.01.2021 06:29:58 <!-- sql=[update sanpham set ma_sp=n'Q1',ten_sp=n'Quần1',id_danhmuc=n'1',size=n'L,S',color=n'Đỏ,Vàng',gia_bandau=n'0',gia_ban=n'111111',noibat=n'0',mota=n'12321321321',image=n'uploads/1-20210115-042728.webp',image1=n'',image2=n'',image3=n''  where id=1] --> 
15.01.2021 06:29:58 sql=[select a.*,b.ten from `sanpham` a left join danhmuc b on b.id = a.id_danhmuc where 1 = 1 ] 
15.01.2021 06:30:00 sql=[select * from danhmuc ] 
15.01.2021 06:30:00 sql=[select * from sanpham where `id` =1] 
15.01.2021 06:30:19 sql=[select a.*,b.ten from `sanpham` a left join danhmuc b on b.id = a.id_danhmuc where 1 = 1 ] 
15.01.2021 06:30:20 sql=[select a.*,b.ten from `sanpham` a left join danhmuc b on b.id = a.id_danhmuc where 1 = 1 ] 
15.01.2021 06:37:59 sql=[select a.*,b.ten from `sanpham` a left join danhmuc b on b.id = a.id_danhmuc where 1 = 1 ] 
15.01.2021 06:38:22 sql=[select a.*,b.ten from `sanpham` a left join danhmuc b on b.id = a.id_danhmuc where 1 = 1 ] 
15.01.2021 06:38:26 <!-- sql=[DELETE FROM `sanpham` WHERE id=4] --> 
15.01.2021 06:38:26 sql=[select a.*,b.ten from `sanpham` a left join danhmuc b on b.id = a.id_danhmuc where 1 = 1 ] 
15.01.2021 06:38:32 sql=[select a.*,b.ten from `sanpham` a left join danhmuc b on b.id = a.id_danhmuc where 1 = 1 ] 
15.01.2021 06:38:33 sql=[select * from danhmuc ] 
15.01.2021 06:38:37 sql=[select a.*,b.ten from `sanpham` a left join danhmuc b on b.id = a.id_danhmuc where 1 = 1 ] 
15.01.2021 07:02:33 sql=[select * from danhmuc ] 
15.01.2021 07:02:33 sql=[select * from sanpham where `id` =2] 
15.01.2021 07:02:42 sql=[select a.*,b.ten from `sanpham` a left join danhmuc b on b.id = a.id_danhmuc where 1 = 1 ] 
15.01.2021 07:10:08 sql=[select a.*,b.ten from `sanpham` a left join danhmuc b on b.id = a.id_danhmuc where 1 = 1 ] 
15.01.2021 07:10:16 sql=[select * from danhmuc ] 
15.01.2021 07:10:16 sql=[select * from sanpham where `id` =2] 
15.01.2021 07:10:29 sql=[select * from danhmuc ] 
15.01.2021 07:10:29 sql=[select * from sanpham where `id` =2] 
15.01.2021 07:10:29 <!-- sql=[update sanpham set ma_sp=n'Q1',ten_sp=n'Quần2',id_danhmuc=n'1',size=n'NULL',color=n'Xanh,Đỏ',gia_bandau=n'0',gia_ban=n'111111',noibat=n'1',mota=n'12321321321',image=n'uploads/1-20210115-042818.webp',image1=n'',image2=n'',image3=n''  where id=2] --> 
15.01.2021 07:10:29 sql=[select a.*,b.ten from `sanpham` a left join danhmuc b on b.id = a.id_danhmuc where 1 = 1 ] 
15.01.2021 07:11:01 sql=[select * from danhmuc ] 
15.01.2021 07:11:01 sql=[select * from sanpham where `id` =3] 
15.01.2021 07:11:08 sql=[select * from danhmuc ] 
15.01.2021 07:11:08 sql=[select * from sanpham where `id` =3] 
15.01.2021 07:11:08 <!-- sql=[update sanpham set ma_sp=n'QJ0D1328Xc281',ten_sp=n'Quần Jeans S.W blue ripped 1328',id_danhmuc=n'1',size=n'NULL',color=n'Xanh,Đỏ,Tím',gia_bandau=n'680000',gia_ban=n'580000',noibat=n'1',mota=n'Quần jeans SIMWOOD mặc vào là thích luôn. Mẫu mới S.W blue ripped pant// Dòng jeans rách siêu bụi và ngầu. Thiết kế khá trendy, phần rách phối đắp thời trang. Màu light- blue wash rất dễ mix đồ.Form skinny fit, chất jeans co giãn mặc êm & thoải mái.',image=n'uploads/1-20210115-044747.webp',image1=n'uploads/2-20210115-044747.webp',image2=n'uploads/3-20210115-044747.webp',image3=n'uploads/4-20210115-044747.jpg'  where id=3] --> 
15.01.2021 07:11:08 sql=[select a.*,b.ten from `sanpham` a left join danhmuc b on b.id = a.id_danhmuc where 1 = 1 ] 
15.01.2021 07:11:49 sql=[select * from danhmuc ] 
15.01.2021 07:11:49 sql=[select * from sanpham where `id` =2] 
15.01.2021 07:11:56 sql=[select * from danhmuc ] 
15.01.2021 07:11:56 sql=[select * from sanpham where `id` =2] 
15.01.2021 07:11:56 <!-- sql=[update sanpham set ma_sp=n'Q1',ten_sp=n'Quần2',id_danhmuc=n'1',size=n'L,S,28,29',color=n'Xanh,Đỏ',gia_bandau=n'0',gia_ban=n'111111',noibat=n'1',mota=n'12321321321',image=n'uploads/1-20210115-042818.webp',image1=n'',image2=n'',image3=n''  where id=2] --> 
15.01.2021 07:11:56 sql=[select a.*,b.ten from `sanpham` a left join danhmuc b on b.id = a.id_danhmuc where 1 = 1 ] 
15.01.2021 07:11:58 sql=[select * from danhmuc ] 
15.01.2021 07:11:58 sql=[select * from sanpham where `id` =3] 
15.01.2021 07:12:04 sql=[select * from danhmuc ] 
15.01.2021 07:12:04 sql=[select * from sanpham where `id` =3] 
15.01.2021 07:12:04 <!-- sql=[update sanpham set ma_sp=n'QJ0D1328Xc281',ten_sp=n'Quần Jeans S.W blue ripped 1328',id_danhmuc=n'1',size=n'L,S,28,29',color=n'Xanh,Đỏ,Tím',gia_bandau=n'680000',gia_ban=n'580000',noibat=n'1',mota=n'Quần jeans SIMWOOD mặc vào là thích luôn. Mẫu mới S.W blue ripped pant// Dòng jeans rách siêu bụi và ngầu. Thiết kế khá trendy, phần rách phối đắp thời trang. Màu light- blue wash rất dễ mix đồ.Form skinny fit, chất jeans co giãn mặc êm & thoải mái.',image=n'uploads/1-20210115-044747.webp',image1=n'uploads/2-20210115-044747.webp',image2=n'uploads/3-20210115-044747.webp',image3=n'uploads/4-20210115-044747.jpg'  where id=3] --> 
15.01.2021 07:12:04 sql=[select a.*,b.ten from `sanpham` a left join danhmuc b on b.id = a.id_danhmuc where 1 = 1 ] 
15.01.2021 07:12:37 sql=[select * from danhmuc ] 
15.01.2021 07:12:37 sql=[select * from sanpham where `id` =2] 
15.01.2021 07:12:42 sql=[select * from danhmuc ] 
15.01.2021 07:12:42 sql=[select * from sanpham where `id` =2] 
15.01.2021 07:12:42 <!-- sql=[update sanpham set ma_sp=n'Q1',ten_sp=n'Quần2',id_danhmuc=n'1',size=n'S,28,29',color=n'Xanh,Đỏ',gia_bandau=n'0',gia_ban=n'111111',noibat=n'1',mota=n'12321321321',image=n'uploads/1-20210115-042818.webp',image1=n'',image2=n'',image3=n''  where id=2] --> 
15.01.2021 07:12:42 sql=[select a.*,b.ten from `sanpham` a left join danhmuc b on b.id = a.id_danhmuc where 1 = 1 ] 
15.01.2021 07:12:45 sql=[select * from danhmuc ] 
15.01.2021 07:12:45 sql=[select * from sanpham where `id` =2] 
15.01.2021 07:12:51 sql=[select * from danhmuc ] 
15.01.2021 07:12:51 sql=[select * from sanpham where `id` =2] 
15.01.2021 07:12:51 <!-- sql=[update sanpham set ma_sp=n'Q1',ten_sp=n'Quần2',id_danhmuc=n'1',size=n'NULL',color=n'Xanh,Đỏ',gia_bandau=n'0',gia_ban=n'111111',noibat=n'1',mota=n'12321321321',image=n'uploads/1-20210115-042818.webp',image1=n'',image2=n'',image3=n''  where id=2] --> 
15.01.2021 07:12:51 sql=[select a.*,b.ten from `sanpham` a left join danhmuc b on b.id = a.id_danhmuc where 1 = 1 ] 
15.01.2021 07:12:52 sql=[select * from danhmuc ] 
15.01.2021 07:12:52 sql=[select * from sanpham where `id` =2] 
15.01.2021 07:13:01 sql=[select * from danhmuc ] 
15.01.2021 07:13:01 sql=[select * from sanpham where `id` =2] 
15.01.2021 07:13:01 <!-- sql=[update sanpham set ma_sp=n'Q1',ten_sp=n'Quần2',id_danhmuc=n'1',size=n'NULL',color=n'Xanh,Đỏ',gia_bandau=n'0',gia_ban=n'111111',noibat=n'1',mota=n'12321321321',image=n'uploads/1-20210115-042818.webp',image1=n'',image2=n'',image3=n''  where id=2] --> 
15.01.2021 07:13:01 sql=[select a.*,b.ten from `sanpham` a left join danhmuc b on b.id = a.id_danhmuc where 1 = 1 ] 
15.01.2021 07:13:05 sql=[select * from danhmuc ] 
15.01.2021 07:13:05 sql=[select * from sanpham where `id` =2] 
15.01.2021 07:13:39 sql=[select a.*,b.ten from `sanpham` a left join danhmuc b on b.id = a.id_danhmuc where 1 = 1 ] 
15.01.2021 07:13:55 sql=[select * from danhmuc ] 
15.01.2021 07:13:55 sql=[select * from sanpham where `id` =2] 
15.01.2021 07:13:59 sql=[select a.*,b.ten from `sanpham` a left join danhmuc b on b.id = a.id_danhmuc where 1 = 1 ] 
15.01.2021 07:14:02 sql=[select * from danhmuc ] 
15.01.2021 07:14:02 sql=[select * from sanpham where `id` =2] 
15.01.2021 07:14:59 sql=[select a.*,b.ten from `sanpham` a left join danhmuc b on b.id = a.id_danhmuc where 1 = 1 ] 
15.01.2021 07:15:00 sql=[select * from danhmuc ] 
15.01.2021 07:16:12 sql=[select * from danhmuc ] 
15.01.2021 07:16:12 sql=[select * from sanpham where `id` =2] 
15.01.2021 07:16:15 sql=[select a.*,b.ten from `sanpham` a left join danhmuc b on b.id = a.id_danhmuc where 1 = 1 ] 
15.01.2021 07:16:17 sql=[select * from danhmuc ] 
15.01.2021 07:16:17 sql=[select * from sanpham where `id` =1] 
15.01.2021 07:16:27 sql=[select a.*,b.ten from `sanpham` a left join danhmuc b on b.id = a.id_danhmuc where 1 = 1 ] 
15.01.2021 07:16:29 sql=[select * from danhmuc ] 
15.01.2021 07:16:29 sql=[select * from sanpham where `id` =2] 
15.01.2021 07:16:48 sql=[select * from danhmuc ] 
15.01.2021 07:16:48 sql=[select * from sanpham where `id` =2] 
15.01.2021 07:16:50 sql=[select a.*,b.ten from `sanpham` a left join danhmuc b on b.id = a.id_danhmuc where 1 = 1 ] 
15.01.2021 07:16:51 sql=[select * from danhmuc ] 
15.01.2021 07:16:51 sql=[select * from sanpham where `id` =2] 
15.01.2021 07:17:57 sql=[select a.*,b.ten from `sanpham` a left join danhmuc b on b.id = a.id_danhmuc where 1 = 1 ] 
15.01.2021 07:17:58 sql=[select * from danhmuc ] 
15.01.2021 07:17:58 sql=[select * from sanpham where `id` =2] 
15.01.2021 07:19:26 sql=[select a.*,b.ten from `sanpham` a left join danhmuc b on b.id = a.id_danhmuc where 1 = 1 ] 
15.01.2021 07:19:28 sql=[select * from danhmuc ] 
15.01.2021 07:19:28 sql=[select * from sanpham where `id` =2] 
15.01.2021 07:19:55 sql=[select * from danhmuc ] 
15.01.2021 07:19:55 sql=[select * from sanpham where `id` =2] 
15.01.2021 07:19:58 sql=[select a.*,b.ten from `sanpham` a left join danhmuc b on b.id = a.id_danhmuc where 1 = 1 ] 
15.01.2021 07:20:00 sql=[select * from danhmuc ] 
15.01.2021 07:20:00 sql=[select * from sanpham where `id` =2] 
15.01.2021 07:20:18 sql=[select * from danhmuc ] 
15.01.2021 07:20:18 sql=[select * from sanpham where `id` =2] 
15.01.2021 07:20:19 <!-- sql=[update sanpham set ma_sp=n'Q1',ten_sp=n'Quần2',id_danhmuc=n'1',size=n'L',color=n'Xanh,Đỏ',gia_bandau=n'0',gia_ban=n'111111',noibat=n'1',mota=n'12321321321',image=n'uploads/1-20210115-042818.webp',image1=n'',image2=n'',image3=n''  where id=2] --> 
15.01.2021 07:20:19 sql=[select a.*,b.ten from `sanpham` a left join danhmuc b on b.id = a.id_danhmuc where 1 = 1 ] 
15.01.2021 07:20:21 sql=[select * from danhmuc ] 
15.01.2021 07:20:21 sql=[select * from sanpham where `id` =2] 
15.01.2021 07:27:42 sql=[select * from danhmuc ] 
15.01.2021 07:27:42 sql=[select * from sanpham where `id` =1] 
15.01.2021 07:27:45 sql=[select * from danhmuc ] 
15.01.2021 07:27:45 sql=[select * from sanpham where `id` =1] 
15.01.2021 07:27:45 <!-- sql=[update sanpham set ma_sp=n'Q1',ten_sp=n'Quần1',id_danhmuc=n'1',size=n'L,S',color=n'Đỏ,Vàng',gia_bandau=n'0',gia_ban=n'111111',noibat=n'1',mota=n'12321321321',image=n'uploads/1-20210115-042728.webp',image1=n'',image2=n'',image3=n''  where id=1] --> 
15.01.2021 07:27:45 sql=[select a.*,b.ten from `sanpham` a left join danhmuc b on b.id = a.id_danhmuc where 1 = 1 ] 
15.01.2021 07:28:01 sql=[select * from danhmuc ] 
15.01.2021 07:28:01 sql=[select * from sanpham where `id` =2] 
15.01.2021 07:28:05 sql=[select * from danhmuc ] 
15.01.2021 07:28:05 sql=[select * from sanpham where `id` =2] 
15.01.2021 07:28:05 <!-- sql=[update sanpham set ma_sp=n'Q1',ten_sp=n'Quần2',id_danhmuc=n'7',size=n'L',color=n'Xanh,Đỏ',gia_bandau=n'0',gia_ban=n'111111',noibat=n'1',mota=n'12321321321',image=n'uploads/1-20210115-042818.webp',image1=n'',image2=n'',image3=n''  where id=2] --> 
15.01.2021 07:28:05 sql=[select a.*,b.ten from `sanpham` a left join danhmuc b on b.id = a.id_danhmuc where 1 = 1 ] 
15.01.2021 07:47:14 sql=[select * from danhmuc ] 
15.01.2021 07:47:14 sql=[select * from sanpham where `id` =2] 
15.01.2021 07:47:18 sql=[select * from danhmuc ] 
15.01.2021 07:47:18 sql=[select * from sanpham where `id` =2] 
15.01.2021 07:47:18 <!-- sql=[update sanpham set ma_sp=n'Q1',ten_sp=n'Quần2',id_danhmuc=n'11',size=n'L',color=n'Xanh,Đỏ',gia_bandau=n'0',gia_ban=n'111111',noibat=n'1',mota=n'12321321321',image=n'uploads/1-20210115-042818.webp',image1=n'',image2=n'',image3=n''  where id=2] --> 
15.01.2021 07:47:18 sql=[select a.*,b.ten from `sanpham` a left join danhmuc b on b.id = a.id_danhmuc where 1 = 1 ] 
15.01.2021 07:49:12 sql=[select * from danhmuc ] 
15.01.2021 07:49:12 sql=[select * from sanpham where `id` =2] 
15.01.2021 07:49:19 sql=[select * from danhmuc ] 
15.01.2021 07:49:19 sql=[select * from sanpham where `id` =2] 
15.01.2021 07:49:19 <!-- sql=[update sanpham set ma_sp=n'Q1',ten_sp=n'Quần2',id_danhmuc=n'11',size=n'L',color=n'Xanh,Đỏ',gia_bandau=n'0',gia_ban=n'111111',noibat=n'0',mota=n'12321321321',image=n'uploads/1-20210115-042818.webp',image1=n'',image2=n'',image3=n''  where id=2] --> 
15.01.2021 07:49:19 sql=[select a.*,b.ten from `sanpham` a left join danhmuc b on b.id = a.id_danhmuc where 1 = 1 ] 
15.01.2021 07:51:10 sql=[select * from danhmuc ] 
15.01.2021 07:51:10 sql=[select * from sanpham where `id` =2] 
15.01.2021 07:51:14 sql=[select * from danhmuc ] 
15.01.2021 07:51:14 sql=[select * from sanpham where `id` =2] 
15.01.2021 07:51:14 <!-- sql=[update sanpham set ma_sp=n'Q1',ten_sp=n'Quần2',id_danhmuc=n'11',size=n'L',color=n'Xanh,Đỏ',gia_bandau=n'0',gia_ban=n'111111',noibat=n'1',mota=n'12321321321',image=n'uploads/1-20210115-042818.webp',image1=n'',image2=n'',image3=n''  where id=2] --> 
15.01.2021 07:51:14 sql=[select a.*,b.ten from `sanpham` a left join danhmuc b on b.id = a.id_danhmuc where 1 = 1 ] 
15.01.2021 07:55:06 sql=[select * from danhmuc ] 
15.01.2021 07:55:06 sql=[select * from sanpham where `id` =2] 
15.01.2021 07:55:11 sql=[select * from danhmuc ] 
15.01.2021 07:55:11 sql=[select * from sanpham where `id` =2] 
15.01.2021 07:55:11 <!-- sql=[update sanpham set ma_sp=n'Q1',ten_sp=n'Quần2',id_danhmuc=n'1',size=n'L',color=n'Xanh,Đỏ',gia_bandau=n'0',gia_ban=n'111111',noibat=n'0',mota=n'12321321321',image=n'uploads/1-20210115-042818.webp',image1=n'',image2=n'',image3=n''  where id=2] --> 
15.01.2021 07:55:11 sql=[select a.*,b.ten from `sanpham` a left join danhmuc b on b.id = a.id_danhmuc where 1 = 1 ] 
15.01.2021 08:22:28 sql=[select * from danhmuc ] 
15.01.2021 08:22:28 sql=[select * from sanpham where `id` =2] 
15.01.2021 08:22:30 sql=[select * from danhmuc ] 
15.01.2021 08:22:30 sql=[select * from sanpham where `id` =2] 
15.01.2021 08:22:30 <!-- sql=[update sanpham set ma_sp=n'Q1',ten_sp=n'Quần2',id_danhmuc=n'1',size=n'L',color=n'Xanh,Đỏ',gia_bandau=n'0',gia_ban=n'111111',noibat=n'1',mota=n'12321321321',image=n'uploads/1-20210115-042818.webp',image1=n'',image2=n'',image3=n''  where id=2] --> 
15.01.2021 08:22:30 sql=[select a.*,b.ten from `sanpham` a left join danhmuc b on b.id = a.id_danhmuc where 1 = 1 ] 
15.01.2021 08:22:38 sql=[select * from danhmuc ] 
15.01.2021 08:22:38 sql=[select * from sanpham where `id` =2] 
15.01.2021 08:22:42 sql=[select * from danhmuc ] 
15.01.2021 08:22:42 sql=[select * from sanpham where `id` =2] 
15.01.2021 08:22:42 <!-- sql=[update sanpham set ma_sp=n'Q1',ten_sp=n'Quần2',id_danhmuc=n'11',size=n'L',color=n'Xanh,Đỏ',gia_bandau=n'0',gia_ban=n'111111',noibat=n'1',mota=n'12321321321',image=n'uploads/1-20210115-042818.webp',image1=n'',image2=n'',image3=n''  where id=2] --> 
15.01.2021 08:22:42 sql=[select a.*,b.ten from `sanpham` a left join danhmuc b on b.id = a.id_danhmuc where 1 = 1 ] 
15.01.2021 08:39:52 sql=[select a.*,b.ten from `sanpham` a left join danhmuc b on b.id = a.id_danhmuc where 1 = 1 ] 
15.01.2021 08:39:58 sql=[select * from danhmuc ] 
15.01.2021 08:39:58 sql=[select * from sanpham where `id` =1] 
15.01.2021 08:40:02 sql=[select * from danhmuc ] 
15.01.2021 08:40:02 sql=[select * from sanpham where `id` =1] 
15.01.2021 08:40:02 <!-- sql=[update sanpham set ma_sp=n'Q1',ten_sp=n'Quần1',id_danhmuc=n'7',size=n'L,S',color=n'Đỏ,Vàng',gia_bandau=n'0',gia_ban=n'111111',noibat=n'1',mota=n'12321321321',image=n'uploads/1-20210115-042728.webp',image1=n'',image2=n'',image3=n''  where id=1] --> 
15.01.2021 08:40:02 sql=[select a.*,b.ten from `sanpham` a left join danhmuc b on b.id = a.id_danhmuc where 1 = 1 ] 
15.01.2021 08:44:05 sql=[select a.*,b.ten from `sanpham` a left join danhmuc b on b.id = a.id_danhmuc where 1 = 1 ] 
15.01.2021 08:44:13 sql=[select * from danhmuc ] 
15.01.2021 08:44:13 sql=[select * from sanpham where `id` =3] 
15.01.2021 08:45:12 sql=[select * from danhmuc ] 
15.01.2021 08:45:12 sql=[select * from sanpham where `id` =3] 
15.01.2021 08:46:00 sql=[select * from danhmuc ] 
15.01.2021 08:46:00 sql=[select * from sanpham where `id` =3] 
15.01.2021 08:46:55 sql=[select * from danhmuc ] 
15.01.2021 08:46:55 sql=[select * from sanpham where `id` =3] 
15.01.2021 08:47:07 sql=[select * from danhmuc ] 
15.01.2021 08:47:07 sql=[select * from sanpham where `id` =3] 
15.01.2021 08:47:35 sql=[select a.*,b.ten from `sanpham` a left join danhmuc b on b.id = a.id_danhmuc where 1 = 1 ] 
15.01.2021 08:47:36 sql=[select * from danhmuc ] 
15.01.2021 09:05:43 sql=[select a.*,b.ten from `sanpham` a left join danhmuc b on b.id = a.id_danhmuc where 1 = 1 ] 
16.01.2021 05:03:41 sql=[select a.*,b.ten from `sanpham` a left join danhmuc b on b.id = a.id_danhmuc where 1 = 1 ] 
16.01.2021 05:03:44 sql=[select * from danhmuc ] 
16.01.2021 05:03:44 sql=[select * from sanpham where `id` =2] 
16.01.2021 05:03:55 sql=[select * from danhmuc ] 
16.01.2021 05:03:55 sql=[select * from sanpham where `id` =2] 
16.01.2021 05:03:55 <!-- sql=[update sanpham set ma_sp=n'Q1',ten_sp=n'Quần2',id_danhmuc=n'11',size=n'X,L,S',color=n'Xanh,Đỏ',gia_bandau=n'0',gia_ban=n'111111',noibat=n'1',mota=n'12321321321',image=n'uploads/1-20210115-042818.webp',image1=n'',image2=n'',image3=n''  where id=2] --> 
16.01.2021 05:03:55 sql=[select a.*,b.ten from `sanpham` a left join danhmuc b on b.id = a.id_danhmuc where 1 = 1 ] 
16.01.2021 05:52:18 sql=[select * from danhmuc ] 
16.01.2021 05:57:08 sql=[select a.*,b.ten from `sanpham` a left join danhmuc b on b.id = a.id_danhmuc where 1 = 1 ] 
16.01.2021 05:57:10 sql=[select * from danhmuc ] 
16.01.2021 05:57:10 sql=[select * from sanpham where `id` =3] 
16.01.2021 05:57:19 sql=[select * from danhmuc ] 
16.01.2021 05:57:19 sql=[select * from sanpham where `id` =3] 
16.01.2021 05:57:19 <!-- sql=[update sanpham set ma_sp=n'QJ0D1328Xc281',ten_sp=n'Quần Jeans S.W blue ripped 1328',id_danhmuc=n'1',size=n'L,S,28,29,30,32',color=n'Xanh,Đỏ,Tím',gia_bandau=n'680000',gia_ban=n'580000',noibat=n'1',mota=n'Quần jeans SIMWOOD mặc vào là thích luôn. Mẫu mới S.W blue ripped pant// Dòng jeans rách siêu bụi và ngầu. Thiết kế khá trendy, phần rách phối đắp thời trang. Màu light- blue wash rất dễ mix đồ.Form skinny fit, chất jeans co giãn mặc êm & thoải mái.',image=n'uploads/1-20210115-044747.webp',image1=n'uploads/2-20210115-044747.webp',image2=n'uploads/3-20210115-044747.webp',image3=n'uploads/4-20210115-044747.jpg'  where id=3] --> 
16.01.2021 05:57:19 sql=[select a.*,b.ten from `sanpham` a left join danhmuc b on b.id = a.id_danhmuc where 1 = 1 ] 
16.01.2021 07:05:56 sql=[select a.*,b.ten from `sanpham` a left join danhmuc b on b.id = a.id_danhmuc where 1 = 1 ] 
16.01.2021 07:06:09 sql=[select * from danhmuc ] 
16.01.2021 07:08:41 sql=[select a.*,b.ten from `sanpham` a left join danhmuc b on b.id = a.id_danhmuc where 1 = 1 ] 
16.01.2021 07:45:31 sql=[select * from danhmuc ] 
16.01.2021 07:49:30 sql=[select * from danhmuc ] 
16.01.2021 07:54:18 sql=[select * from danhmuc ] 
16.01.2021 07:54:18 sql=[select * from sanpham where `id` =2] 
16.01.2021 07:54:27 sql=[select * from danhmuc ] 
16.01.2021 07:54:27 sql=[select * from sanpham where `id` =2] 
16.01.2021 07:54:28 <!-- sql=[update sanpham set ma_sp=n'Q1',ten_sp=n'Quần2',id_danhmuc=n'11',size=n'NULL',color=n'Xanh,Đỏ',gia_bandau=n'0',gia_ban=n'111111',noibat=n'1',mota=n'12321321321',image=n'uploads/1-20210115-042818.webp',image1=n'',image2=n'',image3=n''  where id=2] --> 
16.01.2021 07:54:28 sql=[select a.*,b.ten from `sanpham` a left join danhmuc b on b.id = a.id_danhmuc where 1 = 1 ] 
16.01.2021 07:59:10 sql=[select * from danhmuc ] 
16.01.2021 07:59:10 sql=[select * from sanpham where `id` =2] 
16.01.2021 07:59:17 sql=[select * from danhmuc ] 
16.01.2021 07:59:17 sql=[select * from sanpham where `id` =2] 
16.01.2021 07:59:17 <!-- sql=[update sanpham set ma_sp=n'Q1',ten_sp=n'Quần2',id_danhmuc=n'11',size=n'X,L,S',color=n'Xanh,Đỏ',gia_bandau=n'0',gia_ban=n'111111',noibat=n'1',mota=n'12321321321',image=n'uploads/1-20210115-042818.webp',image1=n'',image2=n'',image3=n''  where id=2] --> 
16.01.2021 07:59:17 sql=[select a.*,b.ten from `sanpham` a left join danhmuc b on b.id = a.id_danhmuc where 1 = 1 ] 
16.01.2021 08:07:27 sql=[select a.*,b.ten from `sanpham` a left join danhmuc b on b.id = a.id_danhmuc where 1 = 1 ] 
16.01.2021 08:08:17 sql=[select a.*,b.ten from `sanpham` a left join danhmuc b on b.id = a.id_danhmuc where 1 = 1 ] 
16.01.2021 08:08:22 sql=[select a.*,b.ten from `sanpham` a left join danhmuc b on b.id = a.id_danhmuc where 1 = 1 ] 
16.01.2021 08:08:35 sql=[select * from danhmuc ] 
16.01.2021 08:08:35 sql=[select * from sanpham where `id` =3] 
16.01.2021 08:59:04 sql=[select * from danhmuc ] 
16.01.2021 08:59:04 sql=[select * from sanpham where `id` =1] 
16.01.2021 09:53:16 sql=[select a.*,b.ten from `sanpham` a left join danhmuc b on b.id = a.id_danhmuc where 1 = 1 ] 
16.01.2021 10:40:59 sql=[select * from danhmuc ] 
16.01.2021 10:40:59 sql=[select * from sanpham where `id` =3] 
16.01.2021 10:43:01 sql=[select * from danhmuc ] 
16.01.2021 10:43:01 sql=[select * from sanpham where `id` =3] 
16.01.2021 10:43:14 sql=[select * from danhmuc ] 
16.01.2021 10:43:14 sql=[select * from sanpham where `id` =1] 
16.01.2021 10:48:38 sql=[select a.*,b.ten from `sanpham` a left join danhmuc b on b.id = a.id_danhmuc where 1 = 1 ] 
16.01.2021 10:48:41 sql=[select a.*,b.ten from `sanpham` a left join danhmuc b on b.id = a.id_danhmuc where 1 = 1 ] 
16.01.2021 10:48:44 sql=[select a.*,b.ten from `sanpham` a left join danhmuc b on b.id = a.id_danhmuc where 1 = 1 ] 
16.01.2021 11:00:50 sql=[select a.*,b.ten from `sanpham` a left join danhmuc b on b.id = a.id_danhmuc where 1 = 1 ] 
16.01.2021 11:00:58 sql=[select * from danhmuc ] 
16.01.2021 11:00:58 sql=[select * from sanpham where `id` =2] 
16.01.2021 11:01:02 sql=[select * from danhmuc ] 
16.01.2021 11:01:02 sql=[select * from sanpham where `id` =2] 
16.01.2021 11:01:02 <!-- sql=[update sanpham set ma_sp=n'Q1',ten_sp=n'Quần2',id_danhmuc=n'7',size=n'X,L,S',color=n'Xanh,Đỏ',gia_bandau=n'0',gia_ban=n'111111',noibat=n'1',mota=n'12321321321',image=n'uploads/1-20210115-042818.webp',image1=n'',image2=n'',image3=n''  where id=2] --> 
16.01.2021 11:01:02 sql=[select a.*,b.ten from `sanpham` a left join danhmuc b on b.id = a.id_danhmuc where 1 = 1 ] 
16.01.2021 11:01:04 sql=[select a.*,b.ten from `sanpham` a left join danhmuc b on b.id = a.id_danhmuc where 1 = 1 ] 
16.01.2021 11:05:28 sql=[select a.*,b.ten from `sanpham` a left join danhmuc b on b.id = a.id_danhmuc where 1 = 1 ] 
16.01.2021 11:05:30 sql=[select * from danhmuc ] 
16.01.2021 11:05:30 sql=[select * from sanpham where `id` =2] 
16.01.2021 11:06:55 sql=[select a.*,b.ten from `sanpham` a left join danhmuc b on b.id = a.id_danhmuc where 1 = 1 ] 
16.01.2021 11:06:57 sql=[select * from danhmuc ] 
16.01.2021 11:06:59 sql=[select a.*,b.ten from `sanpham` a left join danhmuc b on b.id = a.id_danhmuc where 1 = 1 ] 
16.01.2021 11:07:02 sql=[select * from danhmuc ] 
16.01.2021 11:07:02 sql=[select * from sanpham where `id` =1] 
16.01.2021 11:07:04 sql=[select a.*,b.ten from `sanpham` a left join danhmuc b on b.id = a.id_danhmuc where 1 = 1 ] 
16.01.2021 11:46:59 sql=[select * from danhmuc ] 
16.01.2021 11:46:59 sql=[select * from sanpham where `id` =1] 
16.01.2021 11:47:46 sql=[select * from danhmuc ] 
16.01.2021 11:47:46 sql=[select * from sanpham where `id` =1] 
16.01.2021 11:48:33 sql=[select * from danhmuc ] 
16.01.2021 11:48:33 sql=[select * from sanpham where `id` =1] 
16.01.2021 11:48:35 sql=[select a.*,b.ten from `sanpham` a left join danhmuc b on b.id = a.id_danhmuc where 1 = 1 ] 
16.01.2021 11:48:36 sql=[select * from danhmuc ] 
16.01.2021 11:58:42 sql=[select * from danhmuc ] 
16.01.2021 12:04:09 sql=[select a.*,b.ten from `sanpham` a left join danhmuc b on b.id = a.id_danhmuc where 1 = 1 ] 
16.01.2021 12:04:12 sql=[select * from danhmuc ] 
16.01.2021 12:04:12 sql=[select * from sanpham where `id` =2] 
16.01.2021 12:04:19 sql=[select * from danhmuc ] 
16.01.2021 12:04:19 sql=[select * from sanpham where `id` =2] 
16.01.2021 12:04:19 <!-- sql=[update sanpham set ma_sp=n'Q1',ten_sp=n'Quần2',id_danhmuc=n'11',size=n'X,L,S',color=n'Xanh,Đỏ',gia_bandau=n'0',gia_ban=n'111111',noibat=n'1',mota=n'12321321321',image=n'uploads/1-20210115-042818.webp',image1=n'',image2=n'',image3=n''  where id=2] --> 
16.01.2021 12:04:19 sql=[select a.*,b.ten from `sanpham` a left join danhmuc b on b.id = a.id_danhmuc where 1 = 1 ] 
16.01.2021 12:04:22 sql=[select * from danhmuc ] 
16.01.2021 12:04:22 sql=[select * from sanpham where `id` =1] 
16.01.2021 12:04:33 sql=[select * from danhmuc ] 
16.01.2021 12:04:33 sql=[select * from sanpham where `id` =1] 
16.01.2021 12:04:33 <!-- sql=[update sanpham set ma_sp=n'Q1',ten_sp=n'Quần1',id_danhmuc=n'11',size=n'L,S',color=n'Đỏ,Vàng',gia_bandau=n'0',gia_ban=n'111111',noibat=n'1',mota=n'12321321321',image=n'uploads/1-20210115-042728.webp',image1=n'',image2=n'',image3=n''  where id=1] --> 
16.01.2021 12:04:33 sql=[select a.*,b.ten from `sanpham` a left join danhmuc b on b.id = a.id_danhmuc where 1 = 1 ] 
16.01.2021 12:09:34 sql=[select * from danhmuc ] 
16.01.2021 12:09:34 sql=[select * from sanpham where `id` =1] 
16.01.2021 12:09:53 sql=[select * from danhmuc ] 
16.01.2021 12:09:53 sql=[select * from sanpham where `id` =1] 
16.01.2021 12:09:53 <!-- sql=[update sanpham set ma_sp=n'A1',ten_sp=n'Áo ',id_danhmuc=n'11',size=n'L,S',color=n'Đỏ,Vàng',gia_bandau=n'0',gia_ban=n'111111',noibat=n'1',mota=n'12321321321',image=n'uploads/1-20210115-042728.webp',image1=n'',image2=n'',image3=n''  where id=1] --> 
16.01.2021 12:09:53 sql=[select a.*,b.ten from `sanpham` a left join danhmuc b on b.id = a.id_danhmuc where 1 = 1 ] 
17.01.2021 10:52:24 sql=[select a.*,b.ten from `sanpham` a left join danhmuc b on b.id = a.id_danhmuc where 1 = 1 ] 
17.01.2021 11:18:36 sql=[select a.*,b.ten from `sanpham` a left join danhmuc b on b.id = a.id_danhmuc where 1 = 1 ] 
17.01.2021 11:48:41 sql=[select a.*,b.ten from `sanpham` a left join danhmuc b on b.id = a.id_danhmuc where 1 = 1 ] 
17.01.2021 12:14:15 sql=[select a.*,b.ten from `sanpham` a left join danhmuc b on b.id = a.id_danhmuc where 1 = 1 ] 
17.01.2021 12:14:17 sql=[select * from danhmuc ] 
17.01.2021 12:16:03 sql=[select * from danhmuc ] 
17.01.2021 12:16:03 <!-- sql=[insert into sanpham (id,ma_sp,ten_sp,id_danhmuc,size,color,gia_bandau,gia_ban,noibat,mota,image,image1,image2,image3) values (n'NULL',n'QJ0D1328Xc28',n'Quần Jeans S.W blue ripped 1328',n'1',n'X,L,S',n'Xanh,Đỏ,Tím,Vàng',n'680000',n'580000',n'1',n'Quần jeans SIMWOOD mặc vào là thích luôn. Mẫu mới S.W blue ripped pant// Dòng jeans rách siêu bụi và ngầu. Thiết kế khá trendy, phần rách phối đắp thời trang. Màu light- blue wash rất dễ mix đồ.Form skinny fit, chất jeans co giãn mặc êm & thoải mái.',n'uploads/1-20210117-121603.webp',n'uploads/2-20210117-121603.webp',n'uploads/3-20210117-121603.webp',n'uploads/4-20210117-121603.jpg')] --> 
17.01.2021 12:16:03 sql=[select a.*,b.ten from `sanpham` a left join danhmuc b on b.id = a.id_danhmuc where 1 = 1 ] 
17.01.2021 12:28:37 sql=[select a.*,b.ten from `sanpham` a left join danhmuc b on b.id = a.id_danhmuc where 1 = 1 ] 
17.01.2021 05:50:52 sql=[select a.*,b.ten from `sanpham` a left join danhmuc b on b.id = a.id_danhmuc where 1 = 1 ] 
18.01.2021 12:57:51 sql=[select a.*,b.ten from `sanpham` a left join danhmuc b on b.id = a.id_danhmuc where 1 = 1 ] 
18.01.2021 12:57:53 sql=[select * from danhmuc ] 
18.01.2021 01:00:34 sql=[select * from danhmuc ] 
18.01.2021 01:00:34 <!-- sql=[insert into sanpham (id,ma_sp,ten_sp,id_danhmuc,size,color,gia_bandau,gia_ban,noibat,mota,image,image1,image2,image3) values (n'NULL',n'SKU: QJ0D1327Bc28',n'Quần Jean MUSLAND Denim 1327',n'1',n'28,29,30,31,32',n'Xanh,Đỏ',n'600000',n'580,000',n'0',n'Black skinny jeans MusL // dòng quần jeans trơn màu full đen siêu đẹp đã lên kệ rồi ae nhé. Chất vải jeans có độ co giãn, mặc thoải mái & giữ màu cực tốt. Form skinny rất đẹp, ôm và tôn dáng.',n'uploads/q1-20210118-010034.webp',n'uploads/q2-20210118-010034.webp',n'uploads/q3-20210118-010034.webp',n'uploads/q4-20210118-010034.webp')] --> 
18.01.2021 01:00:34 sql=[select a.*,b.ten from `sanpham` a left join danhmuc b on b.id = a.id_danhmuc where 1 = 1 ] 
18.01.2021 01:00:40 sql=[select * from danhmuc ] 
18.01.2021 01:00:40 sql=[select * from sanpham where `id` =5] 
18.01.2021 01:00:46 sql=[select * from danhmuc ] 
18.01.2021 01:00:46 sql=[select * from sanpham where `id` =5] 
18.01.2021 01:00:46 <!-- sql=[update sanpham set ma_sp=n'QJ0D1327Bc28',ten_sp=n'Quần Jean MUSLAND Denim 1327',id_danhmuc=n'1',size=n'28,29,30,31,32',color=n'Xanh,Đỏ',gia_bandau=n'600000',gia_ban=n'580',noibat=n'0',mota=n'Black skinny jeans MusL // dòng quần jeans trơn màu full đen siêu đẹp đã lên kệ rồi ae nhé. Chất vải jeans có độ co giãn, mặc thoải mái & giữ màu cực tốt. Form skinny rất đẹp, ôm và tôn dáng.',image=n'uploads/q1-20210118-010034.webp',image1=n'uploads/q2-20210118-010034.webp',image2=n'uploads/q3-20210118-010034.webp',image3=n'uploads/q4-20210118-010034.webp'  where id=5] --> 
18.01.2021 01:00:46 sql=[select a.*,b.ten from `sanpham` a left join danhmuc b on b.id = a.id_danhmuc where 1 = 1 ] 
18.01.2021 01:02:27 sql=[select * from danhmuc ] 
18.01.2021 01:02:27 sql=[select * from sanpham where `id` =5] 
18.01.2021 01:02:33 sql=[select * from danhmuc ] 
18.01.2021 01:02:33 sql=[select * from sanpham where `id` =5] 
18.01.2021 01:02:33 <!-- sql=[update sanpham set ma_sp=n'QJ0D1327Bc28',ten_sp=n'Quần Jean MUSLAND Denim 1327',id_danhmuc=n'1',size=n'28,29,30,31,32',color=n'Xanh,Đỏ',gia_bandau=n'600000',gia_ban=n'580000',noibat=n'0',mota=n'Black skinny jeans MusL // dòng quần jeans trơn màu full đen siêu đẹp đã lên kệ rồi ae nhé. Chất vải jeans có độ co giãn, mặc thoải mái & giữ màu cực tốt. Form skinny rất đẹp, ôm và tôn dáng.',image=n'uploads/q1-20210118-010034.webp',image1=n'uploads/q2-20210118-010034.webp',image2=n'uploads/q3-20210118-010034.webp',image3=n'uploads/q4-20210118-010034.webp'  where id=5] --> 
18.01.2021 01:02:33 sql=[select a.*,b.ten from `sanpham` a left join danhmuc b on b.id = a.id_danhmuc where 1 = 1 ] 
18.01.2021 01:02:59 sql=[select * from danhmuc ] 
18.01.2021 01:13:54 sql=[select * from danhmuc ] 
18.01.2021 01:13:54 <!-- sql=[insert into sanpham (id,ma_sp,ten_sp,id_danhmuc,size,color,gia_bandau,gia_ban,noibat,mota,image,image1,image2,image3) values (n'NULL',n' QJ0S1326Bc28',n'Quần Jeans Simwood Denim black basic 1326',n'1',n'28,29,30',n'Xanh,Đỏ',n'680000',n'580000',n'0',n'Thêm 1 màu jean mới quá đẹp từ H2T nha ae. Màu đen xám wash nhẹ mix đồ đảm bảo bao chất luôn. Chất vải jeans mềm mịn, bền màu, co giãn. Form skinny fit ôm dáng gọn đẹp.',n'uploads/q11-20210118-011354.webp',n'uploads/q12-20210118-011354.webp',n'uploads/q13-20210118-011354.webp',n'uploads/q14-20210118-011354.webp')] --> 
18.01.2021 01:13:54 sql=[select a.*,b.ten from `sanpham` a left join danhmuc b on b.id = a.id_danhmuc where 1 = 1 ] 
18.01.2021 01:17:57 sql=[select * from danhmuc ] 
18.01.2021 01:28:14 sql=[select * from danhmuc ] 
18.01.2021 01:28:14 <!-- sql=[insert into sanpham (id,ma_sp,ten_sp,id_danhmuc,size,color,gia_bandau,gia_ban,noibat,mota,image,image1,image2,image3) values (n'NULL',n'QJ0S1315Xc28',n'Quần Jeans S.W.D blue ripped 1315',n'1',n'28,29,30',n'Xanh',n'680000',n'500000',n'0',n'Skinny Jeans SIMWOOD DENIM// Siêu phẩm quần jeans rách gối vừa lên kệ. Chất vải jeans co giãn, mềm mịn, giữ màu tốt. Màu light blue kết hợp với hiệu ứng wash rách thời trang & độc đáo. Form skinny ôm gọn dáng, trẻ trung.',n'uploads/q31-20210118-012814.webp',n'uploads/q32-20210118-012814.webp',n'uploads/q33-20210118-012814.webp',n'uploads/q34-20210118-012814.webp')] --> 
18.01.2021 01:28:14 sql=[select a.*,b.ten from `sanpham` a left join danhmuc b on b.id = a.id_danhmuc where 1 = 1 ] 
18.01.2021 01:28:30 sql=[select * from danhmuc ] 
18.01.2021 01:28:30 sql=[select * from sanpham where `id` =2] 
18.01.2021 01:28:34 sql=[select * from danhmuc ] 
18.01.2021 01:28:34 sql=[select * from sanpham where `id` =2] 
18.01.2021 01:28:34 <!-- sql=[update sanpham set ma_sp=n'Q1',ten_sp=n'Quần2',id_danhmuc=n'1',size=n'X,L,S',color=n'Xanh,Đỏ',gia_bandau=n'0',gia_ban=n'111111',noibat=n'1',mota=n'12321321321',image=n'uploads/1-20210115-042818.webp',image1=n'',image2=n'',image3=n''  where id=2] --> 
18.01.2021 01:28:34 sql=[select a.*,b.ten from `sanpham` a left join danhmuc b on b.id = a.id_danhmuc where 1 = 1 ] 
18.01.2021 01:29:38 sql=[select * from danhmuc ] 
18.01.2021 01:29:38 sql=[select * from sanpham where `id` =6] 
18.01.2021 01:29:44 sql=[select * from danhmuc ] 
18.01.2021 01:29:44 sql=[select * from sanpham where `id` =6] 
18.01.2021 01:29:44 <!-- sql=[update sanpham set ma_sp=n' QJ0S1326Bc28',ten_sp=n'Quần Jeans Simwood Denim black',id_danhmuc=n'1',size=n'28,29,30',color=n'Xanh,Đỏ',gia_bandau=n'680000',gia_ban=n'580000',noibat=n'0',mota=n'Thêm 1 màu jean mới quá đẹp từ H2T nha ae. Màu đen xám wash nhẹ mix đồ đảm bảo bao chất luôn. Chất vải jeans mềm mịn, bền màu, co giãn. Form skinny fit ôm dáng gọn đẹp.',image=n'uploads/q11-20210118-011354.webp',image1=n'uploads/q12-20210118-011354.webp',image2=n'uploads/q13-20210118-011354.webp',image3=n'uploads/q14-20210118-011354.webp'  where id=6] --> 
18.01.2021 01:29:44 sql=[select a.*,b.ten from `sanpham` a left join danhmuc b on b.id = a.id_danhmuc where 1 = 1 ] 
18.01.2021 03:13:27 sql=[select a.*,b.ten from `sanpham` a left join danhmuc b on b.id = a.id_danhmuc where 1 = 1 ] 
18.01.2021 03:13:29 sql=[select * from danhmuc ] 
18.01.2021 03:14:09 sql=[select * from danhmuc ] 
18.01.2021 03:14:52 sql=[select * from danhmuc ] 
18.01.2021 03:14:59 sql=[select * from danhmuc ] 
18.01.2021 03:15:05 sql=[select * from danhmuc ] 
18.01.2021 03:17:15 sql=[select * from danhmuc ] 
18.01.2021 03:17:18 sql=[select * from danhmuc ] 
18.01.2021 03:17:36 sql=[select * from danhmuc ] 
18.01.2021 03:17:52 sql=[select * from danhmuc ] 
18.01.2021 03:17:54 sql=[select * from danhmuc ] 
18.01.2021 03:17:56 sql=[select * from danhmuc ] 
18.01.2021 03:23:02 sql=[select * from danhmuc ] 
18.01.2021 03:53:39 sql=[select a.*,b.ten from `sanpham` a left join danhmuc b on b.id = a.id_danhmuc where 1 = 1 ] 
18.01.2021 03:53:46 sql=[select * from danhmuc ] 
18.01.2021 03:53:46 sql=[select * from sanpham where `id` =2] 
18.01.2021 03:54:01 sql=[select * from danhmuc ] 
18.01.2021 03:54:01 sql=[select * from sanpham where `id` =2] 
18.01.2021 03:54:01 <!-- sql=[update sanpham set ma_sp=n'Q1',ten_sp=n'Áo 2',id_danhmuc=n'11',size=n'X,L,S',color=n'Xanh,Đỏ',gia_bandau=n'0',gia_ban=n'111111',noibat=n'1',mota=n'12321321321',image=n'uploads/1-20210115-042818.webp',image1=n'',image2=n'',image3=n''  where id=2] --> 
18.01.2021 03:54:01 sql=[select a.*,b.ten from `sanpham` a left join danhmuc b on b.id = a.id_danhmuc where 1 = 1 ] 
18.01.2021 03:54:35 sql=[select * from danhmuc ] 
18.01.2021 03:56:35 sql=[select * from danhmuc ] 
18.01.2021 03:56:35 <!-- sql=[insert into sanpham (id,ma_sp,ten_sp,id_danhmuc,size,color,gia_bandau,gia_ban,noibat,mota,image,image1,image2,image3) values (n'NULL',n'QJ9J0978Xc29',n'Quần jeans nam Q - 0978',n'8',n'28,29,30,31,32',n'Xanh',n'680000',n'580000',n'0',n'    ',n'uploads/a1-20210118-035635.webp',n'uploads/a2-20210118-035635.webp',n'uploads/a3-20210118-035635.jpg',n'uploads/a4-20210118-035635.jpg')] --> 
18.01.2021 03:56:35 sql=[select a.*,b.ten from `sanpham` a left join danhmuc b on b.id = a.id_danhmuc where 1 = 1 ] 
18.01.2021 03:57:17 sql=[select * from danhmuc ] 
18.01.2021 03:59:18 sql=[select * from danhmuc ] 
18.01.2021 03:59:18 <!-- sql=[insert into sanpham (id,ma_sp,ten_sp,id_danhmuc,size,color,gia_bandau,gia_ban,noibat,mota,image,image1,image2,image3) values (n'NULL',n'QO0Y1056BcS',n'Quần âu cạp chun QOY0 - 1056',n'7',n'28,29,30',n'Tím',n'420000',n'294000',n'0',n'   ',n'uploads/a11-20210118-035918.webp',n'uploads/a12-20210118-035918.webp',n'uploads/a13-20210118-035918.webp',n'uploads/a14-20210118-035918.jpg')] --> 
18.01.2021 03:59:19 sql=[select a.*,b.ten from `sanpham` a left join danhmuc b on b.id = a.id_danhmuc where 1 = 1 ] 
18.01.2021 04:06:02 sql=[select * from danhmuc ] 
18.01.2021 04:07:56 sql=[select * from danhmuc ] 
18.01.2021 04:07:56 <!-- sql=[insert into sanpham (id,ma_sp,ten_sp,id_danhmuc,size,color,gia_bandau,gia_ban,noibat,mota,image,image1,image2,image3) values (n'NULL',n'QR80274Vc34',n'Quần Jogger Nam QR18 - 0274',n'7',n'28,30,31',n'Đỏ,Tím',n'495000',n'123750',n'1',n'       ',n'uploads/a21-20210118-040756.webp',n'uploads/a22-20210118-040756.webp',n'uploads/a23-20210118-040756.webp',n'uploads/a24-20210118-040756.webp')] --> 
18.01.2021 04:07:56 sql=[select a.*,b.ten from `sanpham` a left join danhmuc b on b.id = a.id_danhmuc where 1 = 1 ] 
18.01.2021 04:19:41 sql=[select * from danhmuc ] 
18.01.2021 04:21:18 sql=[select * from danhmuc ] 
18.01.2021 04:21:18 <!-- sql=[insert into sanpham (id,ma_sp,ten_sp,id_danhmuc,size,color,gia_bandau,gia_ban,noibat,mota,image,image1,image2,image3) values (n'NULL',n'QC80556Bc28',n'Quần vải cạp trun Q - 0556',n'9',n'28,30',n'Tím',n'580000',n'145000',n'1',n'      ',n'uploads/t1-20210118-042118.webp',n'uploads/t2-20210118-042118.webp',n'uploads/t3-20210118-042118.webp',n'uploads/t4-20210118-042118.jpg')] --> 
18.01.2021 04:21:18 sql=[select a.*,b.ten from `sanpham` a left join danhmuc b on b.id = a.id_danhmuc where 1 = 1 ] 
18.01.2021 04:26:45 sql=[select * from danhmuc ] 
18.01.2021 04:28:36 sql=[select * from danhmuc ] 
18.01.2021 04:28:36 <!-- sql=[insert into sanpham (id,ma_sp,ten_sp,id_danhmuc,size,color,gia_bandau,gia_ban,noibat,mota,image,image1,image2,image3) values (n'NULL',n'QA9H0788Gc28',n'Quần Âu MIIX slim fit 0788',n'9',n'28,30',n'Tím',n'495000',n'420000',n'1',n'    ',n'uploads/t21-20210118-042836.jpg',n'uploads/t22-20210118-042836.jpg',n'',n'')] --> 
18.01.2021 04:28:36 sql=[select a.*,b.ten from `sanpham` a left join danhmuc b on b.id = a.id_danhmuc where 1 = 1 ] 
